{"/Users/davidedelhart/Documents/augment-projects/rxjs-sqlite/src/lib/index.ts": {"path":"/Users/davidedelhart/Documents/augment-projects/rxjs-sqlite/src/lib/index.ts","all":true,"statementMap":{"6":{"start":{"line":7,"column":0},"end":{"line":7,"column":26}},"7":{"start":{"line":8,"column":0},"end":{"line":8,"column":24}},"8":{"start":{"line":9,"column":0},"end":{"line":9,"column":37}}},"s":{"6":0,"7":0,"8":0},"branchMap":{"0":{"type":"branch","line":1,"loc":{"start":{"line":1,"column":127},"end":{"line":9,"column":-1}},"locations":[{"start":{"line":1,"column":127},"end":{"line":9,"column":-1}}]}},"b":{"0":[1]},"fnMap":{"0":{"name":"(empty-report)","decl":{"start":{"line":1,"column":127},"end":{"line":9,"column":-1}},"loc":{"start":{"line":1,"column":127},"end":{"line":9,"column":-1}},"line":1}},"f":{"0":1}}
,"/Users/davidedelhart/Documents/augment-projects/rxjs-sqlite/src/lib/types.ts": {"path":"/Users/davidedelhart/Documents/augment-projects/rxjs-sqlite/src/lib/types.ts","all":false,"statementMap":{},"s":{},"branchMap":{},"b":{},"fnMap":{},"f":{}}
,"/Users/davidedelhart/Documents/augment-projects/rxjs-sqlite/src/lib/adapter/better-sqlite-adapter.ts": {"path":"/Users/davidedelhart/Documents/augment-projects/rxjs-sqlite/src/lib/adapter/better-sqlite-adapter.ts","all":false,"statementMap":{"3":{"start":{"line":4,"column":0},"end":{"line":4,"column":38}},"4":{"start":{"line":5,"column":0},"end":{"line":5,"column":47}},"5":{"start":{"line":6,"column":0},"end":{"line":6,"column":50}},"7":{"start":{"line":8,"column":0},"end":{"line":8,"column":54}},"12":{"start":{"line":13,"column":0},"end":{"line":13,"column":60}},"13":{"start":{"line":14,"column":0},"end":{"line":14,"column":44}},"14":{"start":{"line":15,"column":0},"end":{"line":15,"column":98}},"16":{"start":{"line":17,"column":0},"end":{"line":17,"column":46}},"17":{"start":{"line":18,"column":0},"end":{"line":18,"column":50}},"18":{"start":{"line":19,"column":0},"end":{"line":19,"column":33}},"19":{"start":{"line":20,"column":0},"end":{"line":20,"column":51}},"20":{"start":{"line":21,"column":0},"end":{"line":21,"column":7}},"21":{"start":{"line":22,"column":0},"end":{"line":22,"column":7}},"22":{"start":{"line":23,"column":0},"end":{"line":23,"column":3}},"24":{"start":{"line":25,"column":0},"end":{"line":25,"column":88}},"26":{"start":{"line":27,"column":0},"end":{"line":27,"column":42}},"27":{"start":{"line":28,"column":0},"end":{"line":28,"column":3}},"29":{"start":{"line":30,"column":0},"end":{"line":30,"column":100}},"31":{"start":{"line":32,"column":0},"end":{"line":32,"column":38}},"32":{"start":{"line":33,"column":0},"end":{"line":33,"column":34}},"33":{"start":{"line":34,"column":0},"end":{"line":34,"column":34}},"34":{"start":{"line":35,"column":0},"end":{"line":35,"column":3}},"36":{"start":{"line":37,"column":0},"end":{"line":37,"column":18}},"38":{"start":{"line":39,"column":0},"end":{"line":39,"column":38}},"39":{"start":{"line":40,"column":0},"end":{"line":40,"column":25}},"40":{"start":{"line":41,"column":0},"end":{"line":41,"column":3}},"42":{"start":{"line":43,"column":0},"end":{"line":43,"column":20}},"44":{"start":{"line":45,"column":0},"end":{"line":45,"column":25}},"45":{"start":{"line":46,"column":0},"end":{"line":46,"column":3}},"46":{"start":{"line":47,"column":0},"end":{"line":47,"column":1}},"51":{"start":{"line":52,"column":0},"end":{"line":52,"column":59}},"52":{"start":{"line":53,"column":0},"end":{"line":53,"column":32}},"53":{"start":{"line":54,"column":0},"end":{"line":54,"column":46}},"54":{"start":{"line":55,"column":0},"end":{"line":55,"column":75}},"56":{"start":{"line":57,"column":0},"end":{"line":57,"column":59}},"57":{"start":{"line":58,"column":0},"end":{"line":58,"column":44}},"60":{"start":{"line":61,"column":0},"end":{"line":61,"column":45}},"61":{"start":{"line":62,"column":0},"end":{"line":62,"column":32}},"62":{"start":{"line":63,"column":0},"end":{"line":63,"column":18}},"63":{"start":{"line":64,"column":0},"end":{"line":64,"column":7}},"64":{"start":{"line":65,"column":0},"end":{"line":65,"column":3}},"66":{"start":{"line":67,"column":0},"end":{"line":67,"column":64}},"67":{"start":{"line":68,"column":0},"end":{"line":68,"column":38}},"68":{"start":{"line":69,"column":0},"end":{"line":69,"column":35}},"71":{"start":{"line":72,"column":0},"end":{"line":72,"column":56}},"72":{"start":{"line":73,"column":0},"end":{"line":73,"column":56}},"73":{"start":{"line":74,"column":0},"end":{"line":74,"column":56}},"74":{"start":{"line":75,"column":0},"end":{"line":75,"column":32}},"75":{"start":{"line":76,"column":0},"end":{"line":76,"column":5}},"76":{"start":{"line":77,"column":0},"end":{"line":77,"column":3}},"78":{"start":{"line":79,"column":0},"end":{"line":79,"column":88}},"79":{"start":{"line":80,"column":0},"end":{"line":80,"column":38}},"80":{"start":{"line":81,"column":0},"end":{"line":81,"column":48}},"82":{"start":{"line":83,"column":0},"end":{"line":83,"column":38}},"83":{"start":{"line":84,"column":0},"end":{"line":84,"column":3}},"85":{"start":{"line":86,"column":0},"end":{"line":86,"column":101}},"86":{"start":{"line":87,"column":0},"end":{"line":87,"column":44}},"87":{"start":{"line":88,"column":0},"end":{"line":88,"column":26}},"88":{"start":{"line":89,"column":0},"end":{"line":89,"column":6}},"89":{"start":{"line":90,"column":0},"end":{"line":90,"column":3}},"91":{"start":{"line":92,"column":0},"end":{"line":92,"column":36}},"92":{"start":{"line":93,"column":0},"end":{"line":93,"column":48}},"93":{"start":{"line":94,"column":0},"end":{"line":94,"column":3}},"95":{"start":{"line":96,"column":0},"end":{"line":96,"column":96}},"97":{"start":{"line":98,"column":0},"end":{"line":98,"column":29}},"99":{"start":{"line":100,"column":0},"end":{"line":100,"column":17}},"100":{"start":{"line":101,"column":0},"end":{"line":101,"column":42}},"101":{"start":{"line":102,"column":0},"end":{"line":102,"column":52}},"102":{"start":{"line":103,"column":0},"end":{"line":103,"column":38}},"103":{"start":{"line":104,"column":0},"end":{"line":104,"column":9}},"105":{"start":{"line":106,"column":0},"end":{"line":106,"column":20}},"106":{"start":{"line":107,"column":0},"end":{"line":107,"column":6}},"107":{"start":{"line":108,"column":0},"end":{"line":108,"column":3}},"109":{"start":{"line":110,"column":0},"end":{"line":110,"column":17}},"110":{"start":{"line":111,"column":0},"end":{"line":111,"column":20}},"111":{"start":{"line":112,"column":0},"end":{"line":112,"column":3}},"112":{"start":{"line":113,"column":0},"end":{"line":113,"column":1}}},"s":{"3":1,"4":1,"5":1,"7":1,"12":2,"13":2,"14":2,"16":2,"17":2,"18":1,"19":2,"20":2,"21":2,"22":2,"24":2,"26":3,"27":3,"29":2,"31":1,"32":1,"33":1,"34":1,"36":2,"38":1,"39":1,"40":1,"42":2,"44":1,"45":1,"46":2,"51":1,"52":10,"53":10,"54":10,"56":10,"57":10,"60":10,"61":0,"62":0,"63":10,"64":10,"66":10,"67":14,"68":14,"71":14,"72":8,"73":14,"74":5,"75":5,"76":14,"78":10,"79":5,"80":5,"82":5,"83":5,"85":10,"86":1,"87":1,"88":1,"89":1,"91":10,"92":2,"93":2,"95":10,"97":1,"99":1,"100":0,"101":0,"102":0,"103":1,"105":1,"106":1,"107":1,"109":10,"110":10,"111":10,"112":10},"branchMap":{"0":{"type":"branch","line":13,"loc":{"start":{"line":13,"column":0},"end":{"line":47,"column":1}},"locations":[{"start":{"line":13,"column":0},"end":{"line":47,"column":1}}]},"1":{"type":"branch","line":17,"loc":{"start":{"line":17,"column":2},"end":{"line":23,"column":3}},"locations":[{"start":{"line":17,"column":2},"end":{"line":23,"column":3}}]},"2":{"type":"branch","line":18,"loc":{"start":{"line":18,"column":38},"end":{"line":22,"column":5}},"locations":[{"start":{"line":18,"column":38},"end":{"line":22,"column":5}}]},"3":{"type":"branch","line":19,"loc":{"start":{"line":19,"column":32},"end":{"line":21,"column":7}},"locations":[{"start":{"line":19,"column":32},"end":{"line":21,"column":7}}]},"4":{"type":"branch","line":25,"loc":{"start":{"line":25,"column":2},"end":{"line":28,"column":3}},"locations":[{"start":{"line":25,"column":2},"end":{"line":28,"column":3}}]},"5":{"type":"branch","line":30,"loc":{"start":{"line":30,"column":2},"end":{"line":35,"column":3}},"locations":[{"start":{"line":30,"column":2},"end":{"line":35,"column":3}}]},"6":{"type":"branch","line":37,"loc":{"start":{"line":37,"column":2},"end":{"line":41,"column":3}},"locations":[{"start":{"line":37,"column":2},"end":{"line":41,"column":3}}]},"7":{"type":"branch","line":43,"loc":{"start":{"line":43,"column":2},"end":{"line":46,"column":3}},"locations":[{"start":{"line":43,"column":2},"end":{"line":46,"column":3}}]},"8":{"type":"branch","line":52,"loc":{"start":{"line":52,"column":7},"end":{"line":113,"column":1}},"locations":[{"start":{"line":52,"column":7},"end":{"line":113,"column":1}}]},"9":{"type":"branch","line":57,"loc":{"start":{"line":57,"column":2},"end":{"line":65,"column":3}},"locations":[{"start":{"line":57,"column":2},"end":{"line":65,"column":3}}]},"10":{"type":"branch","line":67,"loc":{"start":{"line":67,"column":2},"end":{"line":77,"column":3}},"locations":[{"start":{"line":67,"column":2},"end":{"line":77,"column":3}}]},"11":{"type":"branch","line":69,"loc":{"start":{"line":69,"column":21},"end":{"line":69,"column":33}},"locations":[{"start":{"line":69,"column":21},"end":{"line":69,"column":33}}]},"12":{"type":"branch","line":72,"loc":{"start":{"line":72,"column":52},"end":{"line":73,"column":56}},"locations":[{"start":{"line":72,"column":52},"end":{"line":73,"column":56}}]},"13":{"type":"branch","line":73,"loc":{"start":{"line":73,"column":52},"end":{"line":74,"column":55}},"locations":[{"start":{"line":73,"column":52},"end":{"line":74,"column":55}}]},"14":{"type":"branch","line":74,"loc":{"start":{"line":74,"column":55},"end":{"line":76,"column":5}},"locations":[{"start":{"line":74,"column":55},"end":{"line":76,"column":5}}]},"15":{"type":"branch","line":79,"loc":{"start":{"line":79,"column":2},"end":{"line":84,"column":3}},"locations":[{"start":{"line":79,"column":2},"end":{"line":84,"column":3}}]},"16":{"type":"branch","line":81,"loc":{"start":{"line":81,"column":34},"end":{"line":81,"column":46}},"locations":[{"start":{"line":81,"column":34},"end":{"line":81,"column":46}}]},"17":{"type":"branch","line":86,"loc":{"start":{"line":86,"column":2},"end":{"line":90,"column":3}},"locations":[{"start":{"line":86,"column":2},"end":{"line":90,"column":3}}]},"18":{"type":"branch","line":88,"loc":{"start":{"line":88,"column":10},"end":{"line":88,"column":25}},"locations":[{"start":{"line":88,"column":10},"end":{"line":88,"column":25}}]},"19":{"type":"branch","line":92,"loc":{"start":{"line":92,"column":2},"end":{"line":94,"column":3}},"locations":[{"start":{"line":92,"column":2},"end":{"line":94,"column":3}}]},"20":{"type":"branch","line":96,"loc":{"start":{"line":96,"column":2},"end":{"line":108,"column":3}},"locations":[{"start":{"line":96,"column":2},"end":{"line":108,"column":3}}]},"21":{"type":"branch","line":110,"loc":{"start":{"line":110,"column":2},"end":{"line":112,"column":3}},"locations":[{"start":{"line":110,"column":2},"end":{"line":112,"column":3}}]}},"b":{"0":[2],"1":[2],"2":[1],"3":[2],"4":[3],"5":[1],"6":[1],"7":[1],"8":[10],"9":[10],"10":[14],"11":[13],"12":[8],"13":[8],"14":[5],"15":[5],"16":[2],"17":[1],"18":[1],"19":[2],"20":[1],"21":[10]},"fnMap":{"0":{"name":"<instance_members_initializer>","decl":{"start":{"line":13,"column":0},"end":{"line":47,"column":1}},"loc":{"start":{"line":13,"column":0},"end":{"line":47,"column":1}},"line":13},"1":{"name":"BetterSQLiteTransaction","decl":{"start":{"line":17,"column":2},"end":{"line":23,"column":3}},"loc":{"start":{"line":17,"column":2},"end":{"line":23,"column":3}},"line":17},"2":{"name":"execute","decl":{"start":{"line":25,"column":2},"end":{"line":28,"column":3}},"loc":{"start":{"line":25,"column":2},"end":{"line":28,"column":3}},"line":25},"3":{"name":"query","decl":{"start":{"line":30,"column":2},"end":{"line":35,"column":3}},"loc":{"start":{"line":30,"column":2},"end":{"line":35,"column":3}},"line":30},"4":{"name":"commit","decl":{"start":{"line":37,"column":2},"end":{"line":41,"column":3}},"loc":{"start":{"line":37,"column":2},"end":{"line":41,"column":3}},"line":37},"5":{"name":"rollback","decl":{"start":{"line":43,"column":2},"end":{"line":46,"column":3}},"loc":{"start":{"line":43,"column":2},"end":{"line":46,"column":3}},"line":43},"6":{"name":"<instance_members_initializer>","decl":{"start":{"line":52,"column":7},"end":{"line":113,"column":1}},"loc":{"start":{"line":52,"column":7},"end":{"line":113,"column":1}},"line":52},"7":{"name":"BetterSQLiteAdapter","decl":{"start":{"line":57,"column":2},"end":{"line":65,"column":3}},"loc":{"start":{"line":57,"column":2},"end":{"line":65,"column":3}},"line":57},"8":{"name":"execute","decl":{"start":{"line":67,"column":2},"end":{"line":77,"column":3}},"loc":{"start":{"line":67,"column":2},"end":{"line":77,"column":3}},"line":67},"9":{"name":"query","decl":{"start":{"line":79,"column":2},"end":{"line":84,"column":3}},"loc":{"start":{"line":79,"column":2},"end":{"line":84,"column":3}},"line":79},"10":{"name":"queryOne","decl":{"start":{"line":86,"column":2},"end":{"line":90,"column":3}},"loc":{"start":{"line":86,"column":2},"end":{"line":90,"column":3}},"line":86},"11":{"name":"transaction","decl":{"start":{"line":92,"column":2},"end":{"line":94,"column":3}},"loc":{"start":{"line":92,"column":2},"end":{"line":94,"column":3}},"line":92},"12":{"name":"reactiveQuery","decl":{"start":{"line":96,"column":2},"end":{"line":108,"column":3}},"loc":{"start":{"line":96,"column":2},"end":{"line":108,"column":3}},"line":96},"13":{"name":"close","decl":{"start":{"line":110,"column":2},"end":{"line":112,"column":3}},"loc":{"start":{"line":110,"column":2},"end":{"line":112,"column":3}},"line":110}},"f":{"0":2,"1":2,"2":3,"3":1,"4":1,"5":1,"6":10,"7":10,"8":14,"9":5,"10":1,"11":2,"12":1,"13":10}}
,"/Users/davidedelhart/Documents/augment-projects/rxjs-sqlite/src/lib/adapter/index.ts": {"path":"/Users/davidedelhart/Documents/augment-projects/rxjs-sqlite/src/lib/adapter/index.ts","all":false,"statementMap":{"3":{"start":{"line":4,"column":0},"end":{"line":4,"column":62}},"13":{"start":{"line":14,"column":0},"end":{"line":14,"column":83}},"14":{"start":{"line":15,"column":0},"end":{"line":15,"column":50}},"15":{"start":{"line":16,"column":0},"end":{"line":16,"column":1}},"18":{"start":{"line":19,"column":0},"end":{"line":19,"column":25}},"19":{"start":{"line":20,"column":0},"end":{"line":20,"column":38}}},"s":{"3":1,"13":1,"14":1,"15":1,"18":1,"19":1},"branchMap":{"0":{"type":"branch","line":14,"loc":{"start":{"line":14,"column":7},"end":{"line":16,"column":1}},"locations":[{"start":{"line":14,"column":7},"end":{"line":16,"column":1}}]}},"b":{"0":[1]},"fnMap":{"0":{"name":"createSQLiteAdapter","decl":{"start":{"line":14,"column":7},"end":{"line":16,"column":1}},"loc":{"start":{"line":14,"column":7},"end":{"line":16,"column":1}},"line":14}},"f":{"0":1}}
,"/Users/davidedelhart/Documents/augment-projects/rxjs-sqlite/src/lib/rxdb-adapter/enhanced-query-builder.ts": {"path":"/Users/davidedelhart/Documents/augment-projects/rxjs-sqlite/src/lib/rxdb-adapter/enhanced-query-builder.ts","all":false,"statementMap":{"5":{"start":{"line":6,"column":0},"end":{"line":6,"column":8}},"16":{"start":{"line":17,"column":0},"end":{"line":17,"column":63}},"17":{"start":{"line":18,"column":0},"end":{"line":18,"column":42}},"18":{"start":{"line":19,"column":0},"end":{"line":19,"column":20}},"19":{"start":{"line":20,"column":0},"end":{"line":20,"column":22}},"20":{"start":{"line":21,"column":0},"end":{"line":21,"column":37}},"21":{"start":{"line":22,"column":0},"end":{"line":22,"column":27}},"24":{"start":{"line":25,"column":0},"end":{"line":25,"column":26}},"25":{"start":{"line":26,"column":0},"end":{"line":26,"column":50}},"26":{"start":{"line":27,"column":0},"end":{"line":27,"column":65}},"29":{"start":{"line":30,"column":0},"end":{"line":30,"column":75}},"30":{"start":{"line":31,"column":0},"end":{"line":31,"column":70}},"31":{"start":{"line":32,"column":0},"end":{"line":32,"column":22}},"32":{"start":{"line":33,"column":0},"end":{"line":33,"column":39}},"33":{"start":{"line":34,"column":0},"end":{"line":34,"column":5}},"34":{"start":{"line":35,"column":0},"end":{"line":35,"column":3}},"37":{"start":{"line":38,"column":0},"end":{"line":38,"column":71}},"38":{"start":{"line":39,"column":0},"end":{"line":39,"column":55}},"39":{"start":{"line":40,"column":0},"end":{"line":40,"column":43}},"40":{"start":{"line":41,"column":0},"end":{"line":41,"column":65}},"43":{"start":{"line":44,"column":0},"end":{"line":44,"column":84}},"44":{"start":{"line":45,"column":0},"end":{"line":45,"column":37}},"45":{"start":{"line":46,"column":0},"end":{"line":46,"column":7}},"49":{"start":{"line":50,"column":0},"end":{"line":50,"column":35}},"50":{"start":{"line":51,"column":0},"end":{"line":51,"column":7}},"52":{"start":{"line":53,"column":0},"end":{"line":53,"column":49}},"53":{"start":{"line":54,"column":0},"end":{"line":54,"column":3}},"56":{"start":{"line":57,"column":0},"end":{"line":57,"column":22}},"57":{"start":{"line":58,"column":0},"end":{"line":58,"column":49}},"58":{"start":{"line":59,"column":0},"end":{"line":59,"column":44}},"59":{"start":{"line":60,"column":0},"end":{"line":60,"column":5}},"61":{"start":{"line":62,"column":0},"end":{"line":62,"column":27}},"62":{"start":{"line":63,"column":0},"end":{"line":63,"column":44}},"63":{"start":{"line":64,"column":0},"end":{"line":64,"column":5}},"64":{"start":{"line":65,"column":0},"end":{"line":65,"column":3}},"66":{"start":{"line":67,"column":0},"end":{"line":67,"column":27}},"67":{"start":{"line":68,"column":0},"end":{"line":68,"column":1}},"72":{"start":{"line":73,"column":0},"end":{"line":73,"column":26}},"73":{"start":{"line":74,"column":0},"end":{"line":74,"column":36}},"74":{"start":{"line":75,"column":0},"end":{"line":75,"column":15}},"75":{"start":{"line":76,"column":0},"end":{"line":76,"column":11}},"77":{"start":{"line":78,"column":0},"end":{"line":78,"column":57}},"80":{"start":{"line":81,"column":0},"end":{"line":81,"column":38}},"81":{"start":{"line":82,"column":0},"end":{"line":82,"column":1}},"86":{"start":{"line":87,"column":0},"end":{"line":87,"column":77}},"87":{"start":{"line":88,"column":0},"end":{"line":88,"column":37}},"90":{"start":{"line":91,"column":0},"end":{"line":91,"column":26}},"91":{"start":{"line":92,"column":0},"end":{"line":92,"column":16}},"92":{"start":{"line":93,"column":0},"end":{"line":93,"column":3}},"95":{"start":{"line":96,"column":0},"end":{"line":96,"column":30}},"96":{"start":{"line":97,"column":0},"end":{"line":97,"column":83}},"97":{"start":{"line":98,"column":0},"end":{"line":98,"column":45}},"98":{"start":{"line":99,"column":0},"end":{"line":99,"column":6}},"99":{"start":{"line":100,"column":0},"end":{"line":100,"column":27}},"100":{"start":{"line":101,"column":0},"end":{"line":101,"column":3}},"102":{"start":{"line":103,"column":0},"end":{"line":103,"column":29}},"103":{"start":{"line":104,"column":0},"end":{"line":104,"column":81}},"104":{"start":{"line":105,"column":0},"end":{"line":105,"column":45}},"105":{"start":{"line":106,"column":0},"end":{"line":106,"column":6}},"106":{"start":{"line":107,"column":0},"end":{"line":107,"column":25}},"107":{"start":{"line":108,"column":0},"end":{"line":108,"column":3}},"109":{"start":{"line":110,"column":0},"end":{"line":110,"column":30}},"110":{"start":{"line":111,"column":0},"end":{"line":111,"column":88}},"111":{"start":{"line":112,"column":0},"end":{"line":112,"column":23}},"112":{"start":{"line":113,"column":0},"end":{"line":113,"column":3}},"115":{"start":{"line":116,"column":0},"end":{"line":116,"column":40}},"116":{"start":{"line":117,"column":0},"end":{"line":117,"column":32}},"118":{"start":{"line":119,"column":0},"end":{"line":119,"column":18}},"119":{"start":{"line":120,"column":0},"end":{"line":120,"column":5}},"121":{"start":{"line":122,"column":0},"end":{"line":122,"column":34}},"124":{"start":{"line":125,"column":0},"end":{"line":125,"column":54}},"125":{"start":{"line":126,"column":0},"end":{"line":126,"column":36}},"126":{"start":{"line":127,"column":0},"end":{"line":127,"column":5}},"129":{"start":{"line":130,"column":0},"end":{"line":130,"column":54}},"131":{"start":{"line":132,"column":0},"end":{"line":132,"column":36}},"132":{"start":{"line":133,"column":0},"end":{"line":133,"column":18}},"133":{"start":{"line":134,"column":0},"end":{"line":134,"column":5}},"136":{"start":{"line":137,"column":0},"end":{"line":137,"column":55}},"137":{"start":{"line":138,"column":0},"end":{"line":138,"column":41}},"139":{"start":{"line":140,"column":0},"end":{"line":140,"column":19}},"140":{"start":{"line":141,"column":0},"end":{"line":141,"column":19}},"141":{"start":{"line":142,"column":0},"end":{"line":142,"column":42}},"142":{"start":{"line":143,"column":0},"end":{"line":143,"column":19}},"143":{"start":{"line":144,"column":0},"end":{"line":144,"column":43}},"144":{"start":{"line":145,"column":0},"end":{"line":145,"column":19}},"145":{"start":{"line":146,"column":0},"end":{"line":146,"column":42}},"146":{"start":{"line":147,"column":0},"end":{"line":147,"column":20}},"147":{"start":{"line":148,"column":0},"end":{"line":148,"column":43}},"148":{"start":{"line":149,"column":0},"end":{"line":149,"column":19}},"149":{"start":{"line":150,"column":0},"end":{"line":150,"column":42}},"150":{"start":{"line":151,"column":0},"end":{"line":151,"column":20}},"151":{"start":{"line":152,"column":0},"end":{"line":152,"column":43}},"152":{"start":{"line":153,"column":0},"end":{"line":153,"column":19}},"153":{"start":{"line":154,"column":0},"end":{"line":154,"column":43}},"154":{"start":{"line":155,"column":0},"end":{"line":155,"column":20}},"155":{"start":{"line":156,"column":0},"end":{"line":156,"column":47}},"156":{"start":{"line":157,"column":0},"end":{"line":157,"column":22}},"158":{"start":{"line":159,"column":0},"end":{"line":159,"column":32}},"159":{"start":{"line":160,"column":0},"end":{"line":160,"column":73}},"160":{"start":{"line":161,"column":0},"end":{"line":161,"column":37}},"161":{"start":{"line":162,"column":0},"end":{"line":162,"column":11}},"163":{"start":{"line":164,"column":0},"end":{"line":164,"column":83}},"164":{"start":{"line":165,"column":0},"end":{"line":165,"column":49}},"165":{"start":{"line":166,"column":0},"end":{"line":166,"column":23}},"167":{"start":{"line":168,"column":0},"end":{"line":168,"column":24}},"168":{"start":{"line":169,"column":0},"end":{"line":169,"column":48}},"169":{"start":{"line":170,"column":0},"end":{"line":170,"column":18}},"170":{"start":{"line":171,"column":0},"end":{"line":171,"column":44}},"171":{"start":{"line":172,"column":0},"end":{"line":172,"column":11}},"172":{"start":{"line":173,"column":0},"end":{"line":173,"column":16}},"173":{"start":{"line":174,"column":0},"end":{"line":174,"column":54}},"174":{"start":{"line":175,"column":0},"end":{"line":175,"column":22}},"175":{"start":{"line":176,"column":0},"end":{"line":176,"column":7}},"176":{"start":{"line":177,"column":0},"end":{"line":177,"column":23}},"179":{"start":{"line":180,"column":0},"end":{"line":180,"column":42}},"180":{"start":{"line":181,"column":0},"end":{"line":181,"column":35}},"181":{"start":{"line":182,"column":0},"end":{"line":182,"column":5}},"184":{"start":{"line":185,"column":0},"end":{"line":185,"column":38}},"185":{"start":{"line":186,"column":0},"end":{"line":186,"column":21}},"188":{"start":{"line":189,"column":0},"end":{"line":189,"column":32}},"189":{"start":{"line":190,"column":0},"end":{"line":190,"column":25}},"190":{"start":{"line":191,"column":0},"end":{"line":191,"column":3}},"193":{"start":{"line":194,"column":0},"end":{"line":194,"column":28}},"194":{"start":{"line":195,"column":0},"end":{"line":195,"column":1}}},"s":{"5":1,"16":1,"17":11,"18":11,"19":11,"20":11,"21":11,"24":11,"25":1,"26":10,"29":11,"30":11,"31":11,"32":11,"33":11,"34":11,"37":11,"38":1,"39":2,"40":2,"43":2,"44":0,"45":0,"49":2,"50":1,"52":1,"53":1,"56":11,"57":10,"58":1,"59":1,"61":10,"62":1,"63":1,"64":10,"66":11,"67":11,"72":11,"73":11,"74":11,"75":11,"77":11,"80":11,"81":11,"86":22,"87":22,"90":22,"91":0,"92":0,"95":22,"96":2,"97":5,"98":2,"99":2,"100":2,"102":22,"103":2,"104":4,"105":2,"106":2,"107":2,"109":22,"110":2,"111":2,"112":2,"115":16,"116":17,"118":0,"119":0,"121":17,"124":17,"125":9,"126":9,"129":8,"131":17,"132":0,"133":0,"136":8,"137":8,"139":8,"140":8,"141":0,"142":8,"143":0,"144":8,"145":6,"146":8,"147":0,"148":8,"149":0,"150":8,"151":0,"152":8,"153":1,"154":8,"155":1,"156":8,"158":0,"159":0,"160":0,"161":0,"163":0,"164":0,"165":8,"167":0,"168":0,"169":0,"170":0,"171":0,"172":8,"173":0,"174":0,"175":8,"176":8,"179":8,"180":8,"181":8,"184":0,"185":16,"188":22,"189":15,"190":15,"193":1,"194":1},"branchMap":{"0":{"type":"branch","line":17,"loc":{"start":{"line":17,"column":7},"end":{"line":68,"column":1}},"locations":[{"start":{"line":17,"column":7},"end":{"line":68,"column":1}}]},"1":{"type":"branch","line":25,"loc":{"start":{"line":25,"column":14},"end":{"line":26,"column":50}},"locations":[{"start":{"line":25,"column":14},"end":{"line":26,"column":50}}]},"2":{"type":"branch","line":26,"loc":{"start":{"line":26,"column":48},"end":{"line":27,"column":65}},"locations":[{"start":{"line":26,"column":48},"end":{"line":27,"column":65}}]},"3":{"type":"branch","line":38,"loc":{"start":{"line":38,"column":7},"end":{"line":38,"column":42}},"locations":[{"start":{"line":38,"column":7},"end":{"line":38,"column":42}}]},"4":{"type":"branch","line":38,"loc":{"start":{"line":38,"column":34},"end":{"line":38,"column":70}},"locations":[{"start":{"line":38,"column":34},"end":{"line":38,"column":70}}]},"5":{"type":"branch","line":38,"loc":{"start":{"line":38,"column":70},"end":{"line":54,"column":3}},"locations":[{"start":{"line":38,"column":70},"end":{"line":54,"column":3}}]},"6":{"type":"branch","line":57,"loc":{"start":{"line":57,"column":21},"end":{"line":65,"column":3}},"locations":[{"start":{"line":57,"column":21},"end":{"line":65,"column":3}}]},"7":{"type":"branch","line":58,"loc":{"start":{"line":58,"column":19},"end":{"line":58,"column":48}},"locations":[{"start":{"line":58,"column":19},"end":{"line":58,"column":48}}]},"8":{"type":"branch","line":58,"loc":{"start":{"line":58,"column":48},"end":{"line":60,"column":5}},"locations":[{"start":{"line":58,"column":48},"end":{"line":60,"column":5}}]},"9":{"type":"branch","line":62,"loc":{"start":{"line":62,"column":26},"end":{"line":64,"column":5}},"locations":[{"start":{"line":62,"column":26},"end":{"line":64,"column":5}}]},"10":{"type":"branch","line":39,"loc":{"start":{"line":39,"column":42},"end":{"line":51,"column":5}},"locations":[{"start":{"line":39,"column":42},"end":{"line":51,"column":5}}]},"11":{"type":"branch","line":41,"loc":{"start":{"line":41,"column":42},"end":{"line":41,"column":58}},"locations":[{"start":{"line":41,"column":42},"end":{"line":41,"column":58}}]},"12":{"type":"branch","line":41,"loc":{"start":{"line":41,"column":50},"end":{"line":41,"column":65}},"locations":[{"start":{"line":41,"column":50},"end":{"line":41,"column":65}}]},"13":{"type":"branch","line":44,"loc":{"start":{"line":44,"column":83},"end":{"line":46,"column":7}},"locations":[{"start":{"line":44,"column":83},"end":{"line":46,"column":7}}]},"14":{"type":"branch","line":73,"loc":{"start":{"line":73,"column":0},"end":{"line":82,"column":1}},"locations":[{"start":{"line":73,"column":0},"end":{"line":82,"column":1}}]},"15":{"type":"branch","line":87,"loc":{"start":{"line":87,"column":0},"end":{"line":195,"column":1}},"locations":[{"start":{"line":87,"column":0},"end":{"line":195,"column":1}}]},"16":{"type":"branch","line":91,"loc":{"start":{"line":91,"column":25},"end":{"line":93,"column":3}},"locations":[{"start":{"line":91,"column":25},"end":{"line":93,"column":3}}]},"17":{"type":"branch","line":96,"loc":{"start":{"line":96,"column":29},"end":{"line":101,"column":3}},"locations":[{"start":{"line":96,"column":29},"end":{"line":101,"column":3}}]},"18":{"type":"branch","line":101,"loc":{"start":{"line":101,"column":2},"end":{"line":103,"column":28}},"locations":[{"start":{"line":101,"column":2},"end":{"line":103,"column":28}}]},"19":{"type":"branch","line":103,"loc":{"start":{"line":103,"column":28},"end":{"line":108,"column":3}},"locations":[{"start":{"line":103,"column":28},"end":{"line":108,"column":3}}]},"20":{"type":"branch","line":108,"loc":{"start":{"line":108,"column":2},"end":{"line":110,"column":29}},"locations":[{"start":{"line":108,"column":2},"end":{"line":110,"column":29}}]},"21":{"type":"branch","line":110,"loc":{"start":{"line":110,"column":29},"end":{"line":113,"column":3}},"locations":[{"start":{"line":110,"column":29},"end":{"line":113,"column":3}}]},"22":{"type":"branch","line":113,"loc":{"start":{"line":113,"column":2},"end":{"line":189,"column":31}},"locations":[{"start":{"line":113,"column":2},"end":{"line":189,"column":31}}]},"23":{"type":"branch","line":189,"loc":{"start":{"line":189,"column":31},"end":{"line":191,"column":3}},"locations":[{"start":{"line":189,"column":31},"end":{"line":191,"column":3}}]},"24":{"type":"branch","line":191,"loc":{"start":{"line":191,"column":2},"end":{"line":195,"column":1}},"locations":[{"start":{"line":191,"column":2},"end":{"line":195,"column":1}}]},"25":{"type":"branch","line":97,"loc":{"start":{"line":97,"column":69},"end":{"line":98,"column":45}},"locations":[{"start":{"line":97,"column":69},"end":{"line":98,"column":45}}]},"26":{"type":"branch","line":104,"loc":{"start":{"line":104,"column":67},"end":{"line":105,"column":45}},"locations":[{"start":{"line":104,"column":67},"end":{"line":105,"column":45}}]},"27":{"type":"branch","line":116,"loc":{"start":{"line":116,"column":30},"end":{"line":186,"column":3}},"locations":[{"start":{"line":116,"column":30},"end":{"line":186,"column":3}}]},"28":{"type":"branch","line":117,"loc":{"start":{"line":117,"column":31},"end":{"line":120,"column":5}},"locations":[{"start":{"line":117,"column":31},"end":{"line":120,"column":5}}]},"29":{"type":"branch","line":125,"loc":{"start":{"line":125,"column":25},"end":{"line":125,"column":53}},"locations":[{"start":{"line":125,"column":25},"end":{"line":125,"column":53}}]},"30":{"type":"branch","line":125,"loc":{"start":{"line":125,"column":53},"end":{"line":127,"column":5}},"locations":[{"start":{"line":125,"column":53},"end":{"line":127,"column":5}}]},"31":{"type":"branch","line":127,"loc":{"start":{"line":127,"column":4},"end":{"line":132,"column":35}},"locations":[{"start":{"line":127,"column":4},"end":{"line":132,"column":35}}]},"32":{"type":"branch","line":132,"loc":{"start":{"line":132,"column":35},"end":{"line":134,"column":5}},"locations":[{"start":{"line":132,"column":35},"end":{"line":134,"column":5}}]},"33":{"type":"branch","line":134,"loc":{"start":{"line":134,"column":4},"end":{"line":182,"column":5}},"locations":[{"start":{"line":134,"column":4},"end":{"line":182,"column":5}}]},"34":{"type":"branch","line":182,"loc":{"start":{"line":182,"column":4},"end":{"line":185,"column":38}},"locations":[{"start":{"line":182,"column":4},"end":{"line":185,"column":38}}]},"35":{"type":"branch","line":137,"loc":{"start":{"line":137,"column":48},"end":{"line":177,"column":5}},"locations":[{"start":{"line":137,"column":48},"end":{"line":177,"column":5}}]},"36":{"type":"branch","line":141,"loc":{"start":{"line":141,"column":8},"end":{"line":142,"column":42}},"locations":[{"start":{"line":141,"column":8},"end":{"line":142,"column":42}}]},"37":{"type":"branch","line":143,"loc":{"start":{"line":143,"column":8},"end":{"line":144,"column":43}},"locations":[{"start":{"line":143,"column":8},"end":{"line":144,"column":43}}]},"38":{"type":"branch","line":145,"loc":{"start":{"line":145,"column":8},"end":{"line":146,"column":42}},"locations":[{"start":{"line":145,"column":8},"end":{"line":146,"column":42}}]},"39":{"type":"branch","line":147,"loc":{"start":{"line":147,"column":8},"end":{"line":148,"column":43}},"locations":[{"start":{"line":147,"column":8},"end":{"line":148,"column":43}}]},"40":{"type":"branch","line":149,"loc":{"start":{"line":149,"column":8},"end":{"line":150,"column":42}},"locations":[{"start":{"line":149,"column":8},"end":{"line":150,"column":42}}]},"41":{"type":"branch","line":151,"loc":{"start":{"line":151,"column":8},"end":{"line":152,"column":43}},"locations":[{"start":{"line":151,"column":8},"end":{"line":152,"column":43}}]},"42":{"type":"branch","line":153,"loc":{"start":{"line":153,"column":8},"end":{"line":154,"column":43}},"locations":[{"start":{"line":153,"column":8},"end":{"line":154,"column":43}}]},"43":{"type":"branch","line":155,"loc":{"start":{"line":155,"column":8},"end":{"line":156,"column":47}},"locations":[{"start":{"line":155,"column":8},"end":{"line":156,"column":47}}]},"44":{"type":"branch","line":157,"loc":{"start":{"line":157,"column":8},"end":{"line":165,"column":49}},"locations":[{"start":{"line":157,"column":8},"end":{"line":165,"column":49}}]},"45":{"type":"branch","line":166,"loc":{"start":{"line":166,"column":8},"end":{"line":172,"column":11}},"locations":[{"start":{"line":166,"column":8},"end":{"line":172,"column":11}}]},"46":{"type":"branch","line":173,"loc":{"start":{"line":173,"column":8},"end":{"line":175,"column":22}},"locations":[{"start":{"line":173,"column":8},"end":{"line":175,"column":22}}]},"47":{"type":"branch","line":176,"loc":{"start":{"line":176,"column":6},"end":{"line":176,"column":7}},"locations":[{"start":{"line":176,"column":6},"end":{"line":176,"column":7}}]}},"b":{"0":[11],"1":[1],"2":[10],"3":[10],"4":[1],"5":[1],"6":[10],"7":[1],"8":[1],"9":[1],"10":[2],"11":[1],"12":[1],"13":[0],"14":[11],"15":[22],"16":[0],"17":[2],"18":[20],"19":[2],"20":[18],"21":[2],"22":[16],"23":[15],"24":[1],"25":[5],"26":[4],"27":[17],"28":[0],"29":[8],"30":[9],"31":[8],"32":[0],"33":[8],"34":[0],"35":[8],"36":[0],"37":[0],"38":[6],"39":[0],"40":[0],"41":[0],"42":[1],"43":[1],"44":[0],"45":[0],"46":[0],"47":[0]},"fnMap":{"0":{"name":"getSQLiteQueryBuilderFromMangoQuery","decl":{"start":{"line":17,"column":7},"end":{"line":68,"column":1}},"loc":{"start":{"line":17,"column":7},"end":{"line":68,"column":1}},"line":17},"1":{"name":"buildWhereClause","decl":{"start":{"line":73,"column":0},"end":{"line":82,"column":1}},"loc":{"start":{"line":73,"column":0},"end":{"line":82,"column":1}},"line":73},"2":{"name":"convertSelectorToQueryNode","decl":{"start":{"line":87,"column":0},"end":{"line":195,"column":1}},"loc":{"start":{"line":87,"column":0},"end":{"line":195,"column":1}},"line":87}},"f":{"0":11,"1":11,"2":22}}
,"/Users/davidedelhart/Documents/augment-projects/rxjs-sqlite/src/lib/rxdb-adapter/index.ts": {"path":"/Users/davidedelhart/Documents/augment-projects/rxjs-sqlite/src/lib/rxdb-adapter/index.ts","all":true,"statementMap":{"5":{"start":{"line":6,"column":0},"end":{"line":6,"column":33}},"6":{"start":{"line":7,"column":0},"end":{"line":7,"column":32}}},"s":{"5":0,"6":0},"branchMap":{"0":{"type":"branch","line":1,"loc":{"start":{"line":1,"column":105},"end":{"line":7,"column":32}},"locations":[{"start":{"line":1,"column":105},"end":{"line":7,"column":32}}]}},"b":{"0":[1]},"fnMap":{"0":{"name":"(empty-report)","decl":{"start":{"line":1,"column":105},"end":{"line":7,"column":32}},"loc":{"start":{"line":1,"column":105},"end":{"line":7,"column":32}},"line":1}},"f":{"0":1}}
,"/Users/davidedelhart/Documents/augment-projects/rxjs-sqlite/src/lib/rxdb-adapter/sqlite-adapter.ts": {"path":"/Users/davidedelhart/Documents/augment-projects/rxjs-sqlite/src/lib/rxdb-adapter/sqlite-adapter.ts","all":true,"statementMap":{"10":{"start":{"line":11,"column":0},"end":{"line":11,"column":62}},"11":{"start":{"line":12,"column":0},"end":{"line":12,"column":68}},"17":{"start":{"line":18,"column":0},"end":{"line":18,"column":99}},"18":{"start":{"line":19,"column":0},"end":{"line":19,"column":42}},"19":{"start":{"line":20,"column":0},"end":{"line":20,"column":76}},"21":{"start":{"line":22,"column":0},"end":{"line":22,"column":65}},"26":{"start":{"line":27,"column":0},"end":{"line":27,"column":41}},"27":{"start":{"line":28,"column":0},"end":{"line":28,"column":85}},"28":{"start":{"line":29,"column":0},"end":{"line":29,"column":50}},"30":{"start":{"line":31,"column":0},"end":{"line":31,"column":45}},"31":{"start":{"line":32,"column":0},"end":{"line":32,"column":85}},"34":{"start":{"line":35,"column":0},"end":{"line":35,"column":68}},"37":{"start":{"line":38,"column":0},"end":{"line":38,"column":37}},"38":{"start":{"line":39,"column":0},"end":{"line":39,"column":49}},"39":{"start":{"line":40,"column":0},"end":{"line":40,"column":109}},"40":{"start":{"line":41,"column":0},"end":{"line":41,"column":5}},"43":{"start":{"line":44,"column":0},"end":{"line":44,"column":67}},"44":{"start":{"line":45,"column":0},"end":{"line":45,"column":13}},"45":{"start":{"line":46,"column":0},"end":{"line":46,"column":46}},"46":{"start":{"line":47,"column":0},"end":{"line":47,"column":6}},"49":{"start":{"line":50,"column":0},"end":{"line":50,"column":39}},"51":{"start":{"line":52,"column":0},"end":{"line":52,"column":27}},"52":{"start":{"line":53,"column":0},"end":{"line":53,"column":3}},"53":{"start":{"line":54,"column":0},"end":{"line":54,"column":1}},"58":{"start":{"line":59,"column":0},"end":{"line":59,"column":81}},"59":{"start":{"line":60,"column":0},"end":{"line":60,"column":60}},"61":{"start":{"line":62,"column":0},"end":{"line":62,"column":30}},"62":{"start":{"line":63,"column":0},"end":{"line":63,"column":17}},"63":{"start":{"line":64,"column":0},"end":{"line":64,"column":31}},"64":{"start":{"line":65,"column":0},"end":{"line":65,"column":5}},"65":{"start":{"line":66,"column":0},"end":{"line":66,"column":1}}},"s":{"10":0,"11":0,"17":0,"18":0,"19":0,"21":0,"26":0,"27":0,"28":0,"30":0,"31":0,"34":0,"37":0,"38":0,"39":0,"40":0,"43":0,"44":0,"45":0,"46":0,"49":0,"51":0,"52":0,"53":0,"58":0,"59":0,"61":0,"62":0,"63":0,"64":0,"65":0},"branchMap":{"0":{"type":"branch","line":1,"loc":{"start":{"line":1,"column":2212},"end":{"line":66,"column":1}},"locations":[{"start":{"line":1,"column":2212},"end":{"line":66,"column":1}}]}},"b":{"0":[1]},"fnMap":{"0":{"name":"(empty-report)","decl":{"start":{"line":1,"column":2212},"end":{"line":66,"column":1}},"loc":{"start":{"line":1,"column":2212},"end":{"line":66,"column":1}},"line":1}},"f":{"0":1}}
,"/Users/davidedelhart/Documents/augment-projects/rxjs-sqlite/src/lib/rxdb-adapter/sqlite-basics.ts": {"path":"/Users/davidedelhart/Documents/augment-projects/rxjs-sqlite/src/lib/rxdb-adapter/sqlite-basics.ts","all":true,"statementMap":{"3":{"start":{"line":4,"column":0},"end":{"line":4,"column":38}},"9":{"start":{"line":10,"column":0},"end":{"line":10,"column":109}},"10":{"start":{"line":11,"column":0},"end":{"line":11,"column":10}},"11":{"start":{"line":12,"column":0},"end":{"line":12,"column":30}},"16":{"start":{"line":17,"column":0},"end":{"line":17,"column":63}},"17":{"start":{"line":18,"column":0},"end":{"line":18,"column":45}},"20":{"start":{"line":21,"column":0},"end":{"line":21,"column":37}},"22":{"start":{"line":23,"column":0},"end":{"line":23,"column":16}},"23":{"start":{"line":24,"column":0},"end":{"line":24,"column":6}},"28":{"start":{"line":29,"column":0},"end":{"line":29,"column":99}},"29":{"start":{"line":30,"column":0},"end":{"line":30,"column":11}},"30":{"start":{"line":31,"column":0},"end":{"line":31,"column":55}},"31":{"start":{"line":32,"column":0},"end":{"line":32,"column":51}},"32":{"start":{"line":33,"column":0},"end":{"line":33,"column":23}},"33":{"start":{"line":34,"column":0},"end":{"line":34,"column":52}},"34":{"start":{"line":35,"column":0},"end":{"line":35,"column":55}},"35":{"start":{"line":36,"column":0},"end":{"line":36,"column":57}},"36":{"start":{"line":37,"column":0},"end":{"line":37,"column":59}},"37":{"start":{"line":38,"column":0},"end":{"line":38,"column":20}},"38":{"start":{"line":39,"column":0},"end":{"line":39,"column":7}},"39":{"start":{"line":40,"column":0},"end":{"line":40,"column":6}},"44":{"start":{"line":45,"column":0},"end":{"line":45,"column":98}},"45":{"start":{"line":46,"column":0},"end":{"line":46,"column":11}},"46":{"start":{"line":47,"column":0},"end":{"line":47,"column":55}},"47":{"start":{"line":48,"column":0},"end":{"line":48,"column":44}},"48":{"start":{"line":49,"column":0},"end":{"line":49,"column":23}},"49":{"start":{"line":50,"column":0},"end":{"line":50,"column":50}},"50":{"start":{"line":51,"column":0},"end":{"line":51,"column":55}},"51":{"start":{"line":52,"column":0},"end":{"line":52,"column":57}},"52":{"start":{"line":53,"column":0},"end":{"line":53,"column":59}},"53":{"start":{"line":54,"column":0},"end":{"line":54,"column":20}},"54":{"start":{"line":55,"column":0},"end":{"line":55,"column":7}},"55":{"start":{"line":56,"column":0},"end":{"line":56,"column":6}},"60":{"start":{"line":61,"column":0},"end":{"line":61,"column":92}},"61":{"start":{"line":62,"column":0},"end":{"line":62,"column":11}},"62":{"start":{"line":63,"column":0},"end":{"line":63,"column":39}},"63":{"start":{"line":64,"column":0},"end":{"line":64,"column":23}},"64":{"start":{"line":65,"column":0},"end":{"line":65,"column":70}},"65":{"start":{"line":66,"column":0},"end":{"line":66,"column":20}},"66":{"start":{"line":67,"column":0},"end":{"line":67,"column":7}},"67":{"start":{"line":68,"column":0},"end":{"line":68,"column":6}},"72":{"start":{"line":73,"column":0},"end":{"line":73,"column":60}},"73":{"start":{"line":74,"column":0},"end":{"line":74,"column":17}},"74":{"start":{"line":75,"column":0},"end":{"line":75,"column":6}},"79":{"start":{"line":80,"column":0},"end":{"line":80,"column":22}},"80":{"start":{"line":81,"column":0},"end":{"line":81,"column":4}},"81":{"start":{"line":82,"column":0},"end":{"line":82,"column":2}}},"s":{"3":0,"9":0,"10":0,"11":0,"16":0,"17":0,"20":0,"22":0,"23":0,"28":0,"29":0,"30":0,"31":0,"32":0,"33":0,"34":0,"35":0,"36":0,"37":0,"38":0,"39":0,"44":0,"45":0,"46":0,"47":0,"48":0,"49":0,"50":0,"51":0,"52":0,"53":0,"54":0,"55":0,"60":0,"61":0,"62":0,"63":0,"64":0,"65":0,"66":0,"67":0,"72":0,"73":0,"74":0,"79":0,"80":0,"81":0},"branchMap":{"0":{"type":"branch","line":1,"loc":{"start":{"line":1,"column":2387},"end":{"line":82,"column":2}},"locations":[{"start":{"line":1,"column":2387},"end":{"line":82,"column":2}}]}},"b":{"0":[1]},"fnMap":{"0":{"name":"(empty-report)","decl":{"start":{"line":1,"column":2387},"end":{"line":82,"column":2}},"loc":{"start":{"line":1,"column":2387},"end":{"line":82,"column":2}},"line":1}},"f":{"0":1}}
,"/Users/davidedelhart/Documents/augment-projects/rxjs-sqlite/src/lib/rxdb-adapter/sqlite-query-builder.ts": {"path":"/Users/davidedelhart/Documents/augment-projects/rxjs-sqlite/src/lib/rxdb-adapter/sqlite-query-builder.ts","all":true,"statementMap":{"9":{"start":{"line":10,"column":0},"end":{"line":10,"column":63}},"10":{"start":{"line":11,"column":0},"end":{"line":11,"column":42}},"11":{"start":{"line":12,"column":0},"end":{"line":12,"column":20}},"12":{"start":{"line":13,"column":0},"end":{"line":13,"column":22}},"13":{"start":{"line":14,"column":0},"end":{"line":14,"column":37}},"14":{"start":{"line":15,"column":0},"end":{"line":15,"column":27}},"17":{"start":{"line":18,"column":0},"end":{"line":18,"column":26}},"18":{"start":{"line":19,"column":0},"end":{"line":19,"column":50}},"19":{"start":{"line":20,"column":0},"end":{"line":20,"column":42}},"22":{"start":{"line":23,"column":0},"end":{"line":23,"column":68}},"23":{"start":{"line":24,"column":0},"end":{"line":24,"column":20}},"24":{"start":{"line":25,"column":0},"end":{"line":25,"column":37}},"25":{"start":{"line":26,"column":0},"end":{"line":26,"column":3}},"28":{"start":{"line":29,"column":0},"end":{"line":29,"column":71}},"29":{"start":{"line":30,"column":0},"end":{"line":30,"column":55}},"30":{"start":{"line":31,"column":0},"end":{"line":31,"column":43}},"31":{"start":{"line":32,"column":0},"end":{"line":32,"column":65}},"34":{"start":{"line":35,"column":0},"end":{"line":35,"column":65}},"35":{"start":{"line":36,"column":0},"end":{"line":36,"column":37}},"36":{"start":{"line":37,"column":0},"end":{"line":37,"column":7}},"39":{"start":{"line":40,"column":0},"end":{"line":40,"column":59}},"40":{"start":{"line":41,"column":0},"end":{"line":41,"column":7}},"42":{"start":{"line":43,"column":0},"end":{"line":43,"column":49}},"43":{"start":{"line":44,"column":0},"end":{"line":44,"column":3}},"46":{"start":{"line":47,"column":0},"end":{"line":47,"column":22}},"47":{"start":{"line":48,"column":0},"end":{"line":48,"column":49}},"48":{"start":{"line":49,"column":0},"end":{"line":49,"column":44}},"49":{"start":{"line":50,"column":0},"end":{"line":50,"column":5}},"51":{"start":{"line":52,"column":0},"end":{"line":52,"column":27}},"52":{"start":{"line":53,"column":0},"end":{"line":53,"column":44}},"53":{"start":{"line":54,"column":0},"end":{"line":54,"column":5}},"54":{"start":{"line":55,"column":0},"end":{"line":55,"column":3}},"56":{"start":{"line":57,"column":0},"end":{"line":57,"column":27}},"57":{"start":{"line":58,"column":0},"end":{"line":58,"column":1}},"62":{"start":{"line":63,"column":0},"end":{"line":63,"column":26}},"63":{"start":{"line":64,"column":0},"end":{"line":64,"column":36}},"64":{"start":{"line":65,"column":0},"end":{"line":65,"column":15}},"65":{"start":{"line":66,"column":0},"end":{"line":66,"column":11}},"66":{"start":{"line":67,"column":0},"end":{"line":67,"column":34}},"69":{"start":{"line":70,"column":0},"end":{"line":70,"column":33}},"70":{"start":{"line":71,"column":0},"end":{"line":71,"column":32}},"72":{"start":{"line":73,"column":0},"end":{"line":73,"column":22}},"73":{"start":{"line":74,"column":0},"end":{"line":74,"column":20}},"74":{"start":{"line":75,"column":0},"end":{"line":75,"column":95}},"75":{"start":{"line":76,"column":0},"end":{"line":76,"column":64}},"76":{"start":{"line":77,"column":0},"end":{"line":77,"column":13}},"77":{"start":{"line":78,"column":0},"end":{"line":78,"column":55}},"78":{"start":{"line":79,"column":0},"end":{"line":79,"column":16}},"80":{"start":{"line":81,"column":0},"end":{"line":81,"column":19}},"81":{"start":{"line":82,"column":0},"end":{"line":82,"column":94}},"82":{"start":{"line":83,"column":0},"end":{"line":83,"column":64}},"83":{"start":{"line":84,"column":0},"end":{"line":84,"column":13}},"84":{"start":{"line":85,"column":0},"end":{"line":85,"column":53}},"85":{"start":{"line":86,"column":0},"end":{"line":86,"column":16}},"87":{"start":{"line":88,"column":0},"end":{"line":88,"column":20}},"88":{"start":{"line":89,"column":0},"end":{"line":89,"column":80}},"89":{"start":{"line":90,"column":0},"end":{"line":90,"column":16}},"91":{"start":{"line":92,"column":0},"end":{"line":92,"column":20}},"92":{"start":{"line":93,"column":0},"end":{"line":93,"column":95}},"93":{"start":{"line":94,"column":0},"end":{"line":94,"column":64}},"94":{"start":{"line":95,"column":0},"end":{"line":95,"column":13}},"95":{"start":{"line":96,"column":0},"end":{"line":96,"column":65}},"96":{"start":{"line":97,"column":0},"end":{"line":97,"column":16}},"97":{"start":{"line":98,"column":0},"end":{"line":98,"column":7}},"98":{"start":{"line":99,"column":0},"end":{"line":99,"column":12}},"100":{"start":{"line":101,"column":0},"end":{"line":101,"column":76}},"101":{"start":{"line":102,"column":0},"end":{"line":102,"column":22}},"102":{"start":{"line":103,"column":0},"end":{"line":103,"column":35}},"103":{"start":{"line":104,"column":0},"end":{"line":104,"column":7}},"104":{"start":{"line":105,"column":0},"end":{"line":105,"column":5}},"105":{"start":{"line":106,"column":0},"end":{"line":106,"column":3}},"107":{"start":{"line":108,"column":0},"end":{"line":108,"column":34}},"108":{"start":{"line":109,"column":0},"end":{"line":109,"column":1}},"113":{"start":{"line":114,"column":0},"end":{"line":114,"column":29}},"114":{"start":{"line":115,"column":0},"end":{"line":115,"column":16}},"115":{"start":{"line":116,"column":0},"end":{"line":116,"column":17}},"116":{"start":{"line":117,"column":0},"end":{"line":117,"column":15}},"117":{"start":{"line":118,"column":0},"end":{"line":118,"column":11}},"119":{"start":{"line":120,"column":0},"end":{"line":120,"column":67}},"120":{"start":{"line":121,"column":0},"end":{"line":121,"column":64}},"121":{"start":{"line":122,"column":0},"end":{"line":122,"column":3}},"124":{"start":{"line":125,"column":0},"end":{"line":125,"column":59}},"125":{"start":{"line":126,"column":0},"end":{"line":126,"column":1}},"130":{"start":{"line":131,"column":0},"end":{"line":131,"column":36}},"131":{"start":{"line":132,"column":0},"end":{"line":132,"column":16}},"132":{"start":{"line":133,"column":0},"end":{"line":133,"column":17}},"133":{"start":{"line":134,"column":0},"end":{"line":134,"column":15}},"134":{"start":{"line":135,"column":0},"end":{"line":135,"column":11}},"135":{"start":{"line":136,"column":0},"end":{"line":136,"column":38}},"137":{"start":{"line":138,"column":0},"end":{"line":138,"column":67}},"138":{"start":{"line":139,"column":0},"end":{"line":139,"column":10}},"140":{"start":{"line":141,"column":0},"end":{"line":141,"column":27}},"141":{"start":{"line":142,"column":0},"end":{"line":142,"column":26}},"142":{"start":{"line":143,"column":0},"end":{"line":143,"column":3}},"143":{"start":{"line":144,"column":0},"end":{"line":144,"column":1}},"148":{"start":{"line":149,"column":0},"end":{"line":149,"column":33}},"149":{"start":{"line":150,"column":0},"end":{"line":150,"column":16}},"150":{"start":{"line":151,"column":0},"end":{"line":151,"column":17}},"151":{"start":{"line":152,"column":0},"end":{"line":152,"column":15}},"152":{"start":{"line":153,"column":0},"end":{"line":153,"column":11}},"153":{"start":{"line":154,"column":0},"end":{"line":154,"column":38}},"155":{"start":{"line":156,"column":0},"end":{"line":156,"column":66}},"156":{"start":{"line":157,"column":0},"end":{"line":157,"column":10}},"158":{"start":{"line":159,"column":0},"end":{"line":159,"column":27}},"159":{"start":{"line":160,"column":0},"end":{"line":160,"column":50}},"160":{"start":{"line":161,"column":0},"end":{"line":161,"column":3}},"161":{"start":{"line":162,"column":0},"end":{"line":162,"column":1}},"166":{"start":{"line":167,"column":0},"end":{"line":167,"column":32}},"167":{"start":{"line":168,"column":0},"end":{"line":168,"column":16}},"168":{"start":{"line":169,"column":0},"end":{"line":169,"column":17}},"169":{"start":{"line":170,"column":0},"end":{"line":170,"column":16}},"170":{"start":{"line":171,"column":0},"end":{"line":171,"column":22}},"171":{"start":{"line":172,"column":0},"end":{"line":172,"column":11}},"172":{"start":{"line":173,"column":0},"end":{"line":173,"column":77}},"173":{"start":{"line":174,"column":0},"end":{"line":174,"column":34}},"175":{"start":{"line":176,"column":0},"end":{"line":176,"column":37}},"176":{"start":{"line":177,"column":0},"end":{"line":177,"column":38}},"178":{"start":{"line":179,"column":0},"end":{"line":179,"column":23}},"179":{"start":{"line":180,"column":0},"end":{"line":180,"column":17}},"180":{"start":{"line":181,"column":0},"end":{"line":181,"column":27}},"181":{"start":{"line":182,"column":0},"end":{"line":182,"column":44}},"182":{"start":{"line":183,"column":0},"end":{"line":183,"column":14}},"184":{"start":{"line":185,"column":0},"end":{"line":185,"column":17}},"185":{"start":{"line":186,"column":0},"end":{"line":186,"column":27}},"186":{"start":{"line":187,"column":0},"end":{"line":187,"column":45}},"187":{"start":{"line":188,"column":0},"end":{"line":188,"column":14}},"189":{"start":{"line":190,"column":0},"end":{"line":190,"column":17}},"190":{"start":{"line":191,"column":0},"end":{"line":191,"column":27}},"191":{"start":{"line":192,"column":0},"end":{"line":192,"column":44}},"192":{"start":{"line":193,"column":0},"end":{"line":193,"column":14}},"194":{"start":{"line":195,"column":0},"end":{"line":195,"column":18}},"195":{"start":{"line":196,"column":0},"end":{"line":196,"column":27}},"196":{"start":{"line":197,"column":0},"end":{"line":197,"column":45}},"197":{"start":{"line":198,"column":0},"end":{"line":198,"column":14}},"199":{"start":{"line":200,"column":0},"end":{"line":200,"column":17}},"200":{"start":{"line":201,"column":0},"end":{"line":201,"column":27}},"201":{"start":{"line":202,"column":0},"end":{"line":202,"column":44}},"202":{"start":{"line":203,"column":0},"end":{"line":203,"column":14}},"204":{"start":{"line":205,"column":0},"end":{"line":205,"column":18}},"205":{"start":{"line":206,"column":0},"end":{"line":206,"column":27}},"206":{"start":{"line":207,"column":0},"end":{"line":207,"column":45}},"207":{"start":{"line":208,"column":0},"end":{"line":208,"column":14}},"209":{"start":{"line":210,"column":0},"end":{"line":210,"column":17}},"210":{"start":{"line":211,"column":0},"end":{"line":211,"column":55}},"211":{"start":{"line":212,"column":0},"end":{"line":212,"column":62}},"212":{"start":{"line":213,"column":0},"end":{"line":213,"column":45}},"213":{"start":{"line":214,"column":0},"end":{"line":214,"column":63}},"214":{"start":{"line":215,"column":0},"end":{"line":215,"column":16}},"216":{"start":{"line":217,"column":0},"end":{"line":217,"column":35}},"217":{"start":{"line":218,"column":0},"end":{"line":218,"column":9}},"218":{"start":{"line":219,"column":0},"end":{"line":219,"column":14}},"220":{"start":{"line":221,"column":0},"end":{"line":221,"column":18}},"221":{"start":{"line":222,"column":0},"end":{"line":222,"column":55}},"222":{"start":{"line":223,"column":0},"end":{"line":223,"column":62}},"223":{"start":{"line":224,"column":0},"end":{"line":224,"column":45}},"224":{"start":{"line":225,"column":0},"end":{"line":225,"column":67}},"225":{"start":{"line":226,"column":0},"end":{"line":226,"column":16}},"227":{"start":{"line":228,"column":0},"end":{"line":228,"column":35}},"228":{"start":{"line":229,"column":0},"end":{"line":229,"column":9}},"229":{"start":{"line":230,"column":0},"end":{"line":230,"column":14}},"231":{"start":{"line":232,"column":0},"end":{"line":232,"column":21}},"232":{"start":{"line":233,"column":0},"end":{"line":233,"column":20}},"233":{"start":{"line":234,"column":0},"end":{"line":234,"column":54}},"234":{"start":{"line":235,"column":0},"end":{"line":235,"column":16}},"235":{"start":{"line":236,"column":0},"end":{"line":236,"column":50}},"236":{"start":{"line":237,"column":0},"end":{"line":237,"column":9}},"237":{"start":{"line":238,"column":0},"end":{"line":238,"column":14}},"239":{"start":{"line":240,"column":0},"end":{"line":240,"column":19}},"241":{"start":{"line":242,"column":0},"end":{"line":242,"column":33}},"242":{"start":{"line":243,"column":0},"end":{"line":243,"column":62}},"243":{"start":{"line":244,"column":0},"end":{"line":244,"column":40}},"244":{"start":{"line":245,"column":0},"end":{"line":245,"column":103}},"245":{"start":{"line":246,"column":0},"end":{"line":246,"column":41}},"246":{"start":{"line":247,"column":0},"end":{"line":247,"column":65}},"247":{"start":{"line":248,"column":0},"end":{"line":248,"column":40}},"248":{"start":{"line":249,"column":0},"end":{"line":249,"column":64}},"249":{"start":{"line":250,"column":0},"end":{"line":250,"column":39}},"250":{"start":{"line":251,"column":0},"end":{"line":251,"column":63}},"251":{"start":{"line":252,"column":0},"end":{"line":252,"column":38}},"252":{"start":{"line":253,"column":0},"end":{"line":253,"column":62}},"253":{"start":{"line":254,"column":0},"end":{"line":254,"column":9}},"254":{"start":{"line":255,"column":0},"end":{"line":255,"column":14}},"256":{"start":{"line":257,"column":0},"end":{"line":257,"column":20}},"259":{"start":{"line":260,"column":0},"end":{"line":260,"column":28}},"260":{"start":{"line":261,"column":0},"end":{"line":261,"column":71}},"261":{"start":{"line":262,"column":0},"end":{"line":262,"column":35}},"262":{"start":{"line":263,"column":0},"end":{"line":263,"column":9}},"266":{"start":{"line":267,"column":0},"end":{"line":267,"column":72}},"267":{"start":{"line":268,"column":0},"end":{"line":268,"column":41}},"269":{"start":{"line":270,"column":0},"end":{"line":270,"column":33}},"270":{"start":{"line":271,"column":0},"end":{"line":271,"column":47}},"271":{"start":{"line":272,"column":0},"end":{"line":272,"column":14}},"273":{"start":{"line":274,"column":0},"end":{"line":274,"column":18}},"274":{"start":{"line":275,"column":0},"end":{"line":275,"column":57}},"275":{"start":{"line":276,"column":0},"end":{"line":276,"column":35}},"276":{"start":{"line":277,"column":0},"end":{"line":277,"column":37}},"277":{"start":{"line":278,"column":0},"end":{"line":278,"column":87}},"278":{"start":{"line":279,"column":0},"end":{"line":279,"column":9}},"279":{"start":{"line":280,"column":0},"end":{"line":280,"column":14}},"280":{"start":{"line":281,"column":0},"end":{"line":281,"column":5}},"281":{"start":{"line":282,"column":0},"end":{"line":282,"column":3}},"283":{"start":{"line":284,"column":0},"end":{"line":284,"column":34}},"284":{"start":{"line":285,"column":0},"end":{"line":285,"column":1}}},"s":{"9":0,"10":0,"11":0,"12":0,"13":0,"14":0,"17":0,"18":0,"19":0,"22":0,"23":0,"24":0,"25":0,"28":0,"29":0,"30":0,"31":0,"34":0,"35":0,"36":0,"39":0,"40":0,"42":0,"43":0,"46":0,"47":0,"48":0,"49":0,"51":0,"52":0,"53":0,"54":0,"56":0,"57":0,"62":0,"63":0,"64":0,"65":0,"66":0,"69":0,"70":0,"72":0,"73":0,"74":0,"75":0,"76":0,"77":0,"78":0,"80":0,"81":0,"82":0,"83":0,"84":0,"85":0,"87":0,"88":0,"89":0,"91":0,"92":0,"93":0,"94":0,"95":0,"96":0,"97":0,"98":0,"100":0,"101":0,"102":0,"103":0,"104":0,"105":0,"107":0,"108":0,"113":0,"114":0,"115":0,"116":0,"117":0,"119":0,"120":0,"121":0,"124":0,"125":0,"130":0,"131":0,"132":0,"133":0,"134":0,"135":0,"137":0,"138":0,"140":0,"141":0,"142":0,"143":0,"148":0,"149":0,"150":0,"151":0,"152":0,"153":0,"155":0,"156":0,"158":0,"159":0,"160":0,"161":0,"166":0,"167":0,"168":0,"169":0,"170":0,"171":0,"172":0,"173":0,"175":0,"176":0,"178":0,"179":0,"180":0,"181":0,"182":0,"184":0,"185":0,"186":0,"187":0,"189":0,"190":0,"191":0,"192":0,"194":0,"195":0,"196":0,"197":0,"199":0,"200":0,"201":0,"202":0,"204":0,"205":0,"206":0,"207":0,"209":0,"210":0,"211":0,"212":0,"213":0,"214":0,"216":0,"217":0,"218":0,"220":0,"221":0,"222":0,"223":0,"224":0,"225":0,"227":0,"228":0,"229":0,"231":0,"232":0,"233":0,"234":0,"235":0,"236":0,"237":0,"239":0,"241":0,"242":0,"243":0,"244":0,"245":0,"246":0,"247":0,"248":0,"249":0,"250":0,"251":0,"252":0,"253":0,"254":0,"256":0,"259":0,"260":0,"261":0,"262":0,"266":0,"267":0,"269":0,"270":0,"271":0,"273":0,"274":0,"275":0,"276":0,"277":0,"278":0,"279":0,"280":0,"281":0,"283":0,"284":0},"branchMap":{"0":{"type":"branch","line":1,"loc":{"start":{"line":1,"column":8284},"end":{"line":285,"column":1}},"locations":[{"start":{"line":1,"column":8284},"end":{"line":285,"column":1}}]}},"b":{"0":[1]},"fnMap":{"0":{"name":"(empty-report)","decl":{"start":{"line":1,"column":8284},"end":{"line":285,"column":1}},"loc":{"start":{"line":1,"column":8284},"end":{"line":285,"column":1}},"line":1}},"f":{"0":1}}
,"/Users/davidedelhart/Documents/augment-projects/rxjs-sqlite/src/lib/rxdb-adapter/sqlite-storage-instance.ts": {"path":"/Users/davidedelhart/Documents/augment-projects/rxjs-sqlite/src/lib/rxdb-adapter/sqlite-storage-instance.ts","all":true,"statementMap":{"26":{"start":{"line":27,"column":0},"end":{"line":27,"column":43}},"28":{"start":{"line":29,"column":0},"end":{"line":29,"column":79}},"33":{"start":{"line":34,"column":0},"end":{"line":34,"column":77}},"38":{"start":{"line":39,"column":0},"end":{"line":39,"column":3}},"39":{"start":{"line":40,"column":0},"end":{"line":40,"column":39}},"40":{"start":{"line":41,"column":0},"end":{"line":41,"column":41}},"41":{"start":{"line":42,"column":0},"end":{"line":42,"column":66}},"42":{"start":{"line":43,"column":0},"end":{"line":43,"column":45}},"43":{"start":{"line":44,"column":0},"end":{"line":44,"column":57}},"45":{"start":{"line":46,"column":0},"end":{"line":46,"column":123}},"46":{"start":{"line":47,"column":0},"end":{"line":47,"column":25}},"47":{"start":{"line":48,"column":0},"end":{"line":48,"column":37}},"49":{"start":{"line":50,"column":0},"end":{"line":50,"column":14}},"50":{"start":{"line":51,"column":0},"end":{"line":51,"column":86}},"51":{"start":{"line":52,"column":0},"end":{"line":52,"column":30}},"52":{"start":{"line":53,"column":0},"end":{"line":53,"column":5}},"53":{"start":{"line":54,"column":0},"end":{"line":54,"column":44}},"54":{"start":{"line":55,"column":0},"end":{"line":55,"column":48}},"55":{"start":{"line":56,"column":0},"end":{"line":56,"column":32}},"56":{"start":{"line":57,"column":0},"end":{"line":57,"column":31}},"57":{"start":{"line":58,"column":0},"end":{"line":58,"column":40}},"58":{"start":{"line":59,"column":0},"end":{"line":59,"column":67}},"59":{"start":{"line":60,"column":0},"end":{"line":60,"column":3}},"64":{"start":{"line":65,"column":0},"end":{"line":65,"column":37}},"65":{"start":{"line":66,"column":0},"end":{"line":66,"column":52}},"68":{"start":{"line":69,"column":0},"end":{"line":69,"column":53}},"69":{"start":{"line":70,"column":0},"end":{"line":70,"column":14}},"70":{"start":{"line":71,"column":0},"end":{"line":71,"column":54}},"78":{"start":{"line":79,"column":0},"end":{"line":79,"column":17}},"79":{"start":{"line":80,"column":0},"end":{"line":80,"column":16}},"80":{"start":{"line":81,"column":0},"end":{"line":81,"column":29}},"81":{"start":{"line":82,"column":0},"end":{"line":82,"column":43}},"82":{"start":{"line":83,"column":0},"end":{"line":83,"column":7}},"83":{"start":{"line":84,"column":0},"end":{"line":84,"column":6}},"85":{"start":{"line":86,"column":0},"end":{"line":86,"column":46}},"88":{"start":{"line":89,"column":0},"end":{"line":89,"column":57}},"89":{"start":{"line":90,"column":0},"end":{"line":90,"column":7}},"90":{"start":{"line":91,"column":0},"end":{"line":91,"column":106}},"91":{"start":{"line":92,"column":0},"end":{"line":92,"column":19}},"92":{"start":{"line":93,"column":0},"end":{"line":93,"column":78}},"93":{"start":{"line":94,"column":0},"end":{"line":94,"column":7}},"94":{"start":{"line":95,"column":0},"end":{"line":95,"column":6}},"96":{"start":{"line":97,"column":0},"end":{"line":97,"column":50}},"97":{"start":{"line":98,"column":0},"end":{"line":98,"column":42}},"98":{"start":{"line":99,"column":0},"end":{"line":99,"column":5}},"99":{"start":{"line":100,"column":0},"end":{"line":100,"column":3}},"104":{"start":{"line":105,"column":0},"end":{"line":105,"column":96}},"105":{"start":{"line":106,"column":0},"end":{"line":106,"column":9}},"106":{"start":{"line":107,"column":0},"end":{"line":107,"column":26}},"107":{"start":{"line":108,"column":0},"end":{"line":108,"column":21}},"108":{"start":{"line":109,"column":0},"end":{"line":109,"column":51}},"109":{"start":{"line":110,"column":0},"end":{"line":110,"column":43}},"110":{"start":{"line":111,"column":0},"end":{"line":111,"column":45}},"111":{"start":{"line":112,"column":0},"end":{"line":112,"column":18}},"112":{"start":{"line":113,"column":0},"end":{"line":113,"column":5}},"113":{"start":{"line":114,"column":0},"end":{"line":114,"column":3}},"118":{"start":{"line":119,"column":0},"end":{"line":119,"column":18}},"119":{"start":{"line":120,"column":0},"end":{"line":120,"column":46}},"120":{"start":{"line":121,"column":0},"end":{"line":121,"column":19}},"121":{"start":{"line":122,"column":0},"end":{"line":122,"column":53}},"122":{"start":{"line":123,"column":0},"end":{"line":123,"column":22}},"123":{"start":{"line":124,"column":0},"end":{"line":124,"column":52}},"124":{"start":{"line":125,"column":0},"end":{"line":125,"column":5}},"126":{"start":{"line":127,"column":0},"end":{"line":127,"column":52}},"127":{"start":{"line":128,"column":0},"end":{"line":128,"column":61}},"128":{"start":{"line":129,"column":0},"end":{"line":129,"column":18}},"129":{"start":{"line":130,"column":0},"end":{"line":130,"column":15}},"130":{"start":{"line":131,"column":0},"end":{"line":131,"column":6}},"133":{"start":{"line":134,"column":0},"end":{"line":134,"column":44}},"134":{"start":{"line":135,"column":0},"end":{"line":135,"column":11}},"135":{"start":{"line":136,"column":0},"end":{"line":136,"column":43}},"136":{"start":{"line":137,"column":0},"end":{"line":137,"column":41}},"139":{"start":{"line":140,"column":0},"end":{"line":140,"column":69}},"140":{"start":{"line":141,"column":0},"end":{"line":141,"column":46}},"142":{"start":{"line":143,"column":0},"end":{"line":143,"column":92}},"144":{"start":{"line":145,"column":0},"end":{"line":145,"column":31}},"145":{"start":{"line":146,"column":0},"end":{"line":146,"column":27}},"146":{"start":{"line":147,"column":0},"end":{"line":147,"column":82}},"147":{"start":{"line":148,"column":0},"end":{"line":148,"column":13}},"148":{"start":{"line":149,"column":0},"end":{"line":149,"column":19}},"149":{"start":{"line":150,"column":0},"end":{"line":150,"column":9}},"152":{"start":{"line":153,"column":0},"end":{"line":153,"column":54}},"154":{"start":{"line":155,"column":0},"end":{"line":155,"column":21}},"156":{"start":{"line":157,"column":0},"end":{"line":157,"column":54}},"157":{"start":{"line":158,"column":0},"end":{"line":158,"column":20}},"158":{"start":{"line":159,"column":0},"end":{"line":159,"column":38}},"162":{"start":{"line":163,"column":0},"end":{"line":163,"column":21}},"163":{"start":{"line":164,"column":0},"end":{"line":164,"column":27}},"164":{"start":{"line":165,"column":0},"end":{"line":165,"column":40}},"165":{"start":{"line":166,"column":0},"end":{"line":166,"column":28}},"166":{"start":{"line":167,"column":0},"end":{"line":167,"column":69}},"167":{"start":{"line":168,"column":0},"end":{"line":168,"column":16}},"168":{"start":{"line":169,"column":0},"end":{"line":169,"column":14}},"169":{"start":{"line":170,"column":0},"end":{"line":170,"column":58}},"170":{"start":{"line":171,"column":0},"end":{"line":171,"column":12}},"172":{"start":{"line":173,"column":0},"end":{"line":173,"column":47}},"173":{"start":{"line":174,"column":0},"end":{"line":174,"column":16}},"175":{"start":{"line":176,"column":0},"end":{"line":176,"column":54}},"176":{"start":{"line":177,"column":0},"end":{"line":177,"column":20}},"177":{"start":{"line":178,"column":0},"end":{"line":178,"column":77}},"180":{"start":{"line":181,"column":0},"end":{"line":181,"column":21}},"181":{"start":{"line":182,"column":0},"end":{"line":182,"column":17}},"182":{"start":{"line":183,"column":0},"end":{"line":183,"column":27}},"183":{"start":{"line":184,"column":0},"end":{"line":184,"column":40}},"184":{"start":{"line":185,"column":0},"end":{"line":185,"column":28}},"185":{"start":{"line":186,"column":0},"end":{"line":186,"column":68}},"186":{"start":{"line":187,"column":0},"end":{"line":187,"column":14}},"187":{"start":{"line":188,"column":0},"end":{"line":188,"column":58}},"188":{"start":{"line":189,"column":0},"end":{"line":189,"column":12}},"190":{"start":{"line":191,"column":0},"end":{"line":191,"column":47}},"191":{"start":{"line":192,"column":0},"end":{"line":192,"column":9}},"194":{"start":{"line":195,"column":0},"end":{"line":195,"column":40}},"195":{"start":{"line":196,"column":0},"end":{"line":196,"column":23}},"197":{"start":{"line":198,"column":0},"end":{"line":198,"column":29}},"198":{"start":{"line":199,"column":0},"end":{"line":199,"column":53}},"199":{"start":{"line":200,"column":0},"end":{"line":200,"column":31}},"200":{"start":{"line":201,"column":0},"end":{"line":201,"column":11}},"201":{"start":{"line":202,"column":0},"end":{"line":202,"column":7}},"202":{"start":{"line":203,"column":0},"end":{"line":203,"column":5}},"205":{"start":{"line":206,"column":0},"end":{"line":206,"column":38}},"206":{"start":{"line":207,"column":0},"end":{"line":207,"column":92}},"207":{"start":{"line":208,"column":0},"end":{"line":208,"column":37}},"208":{"start":{"line":209,"column":0},"end":{"line":209,"column":26}},"209":{"start":{"line":210,"column":0},"end":{"line":210,"column":54}},"210":{"start":{"line":211,"column":0},"end":{"line":211,"column":35}},"211":{"start":{"line":212,"column":0},"end":{"line":212,"column":45}},"212":{"start":{"line":213,"column":0},"end":{"line":213,"column":10}},"214":{"start":{"line":215,"column":0},"end":{"line":215,"column":94}},"215":{"start":{"line":216,"column":0},"end":{"line":216,"column":29}},"216":{"start":{"line":217,"column":0},"end":{"line":217,"column":21}},"217":{"start":{"line":218,"column":0},"end":{"line":218,"column":63}},"218":{"start":{"line":219,"column":0},"end":{"line":219,"column":25}},"219":{"start":{"line":220,"column":0},"end":{"line":220,"column":10}},"220":{"start":{"line":221,"column":0},"end":{"line":221,"column":15}},"221":{"start":{"line":222,"column":0},"end":{"line":222,"column":8}},"223":{"start":{"line":224,"column":0},"end":{"line":224,"column":46}},"224":{"start":{"line":225,"column":0},"end":{"line":225,"column":5}},"226":{"start":{"line":227,"column":0},"end":{"line":227,"column":20}},"227":{"start":{"line":228,"column":0},"end":{"line":228,"column":3}},"232":{"start":{"line":233,"column":0},"end":{"line":233,"column":26}},"233":{"start":{"line":234,"column":0},"end":{"line":234,"column":18}},"234":{"start":{"line":235,"column":0},"end":{"line":235,"column":24}},"235":{"start":{"line":236,"column":0},"end":{"line":236,"column":43}},"236":{"start":{"line":237,"column":0},"end":{"line":237,"column":22}},"237":{"start":{"line":238,"column":0},"end":{"line":238,"column":52}},"238":{"start":{"line":239,"column":0},"end":{"line":239,"column":5}},"240":{"start":{"line":241,"column":0},"end":{"line":241,"column":27}},"241":{"start":{"line":242,"column":0},"end":{"line":242,"column":16}},"242":{"start":{"line":243,"column":0},"end":{"line":243,"column":5}},"244":{"start":{"line":245,"column":0},"end":{"line":245,"column":52}},"247":{"start":{"line":248,"column":0},"end":{"line":248,"column":54}},"250":{"start":{"line":251,"column":0},"end":{"line":251,"column":17}},"252":{"start":{"line":253,"column":0},"end":{"line":253,"column":28}},"253":{"start":{"line":254,"column":0},"end":{"line":254,"column":35}},"257":{"start":{"line":258,"column":0},"end":{"line":258,"column":23}},"258":{"start":{"line":259,"column":0},"end":{"line":259,"column":35}},"259":{"start":{"line":260,"column":0},"end":{"line":260,"column":5}},"261":{"start":{"line":262,"column":0},"end":{"line":262,"column":52}},"262":{"start":{"line":263,"column":0},"end":{"line":263,"column":12}},"263":{"start":{"line":264,"column":0},"end":{"line":264,"column":23}},"264":{"start":{"line":265,"column":0},"end":{"line":265,"column":61}},"265":{"start":{"line":266,"column":0},"end":{"line":266,"column":6}},"268":{"start":{"line":269,"column":0},"end":{"line":269,"column":47}},"271":{"start":{"line":272,"column":0},"end":{"line":272,"column":28}},"272":{"start":{"line":273,"column":0},"end":{"line":273,"column":82}},"273":{"start":{"line":274,"column":0},"end":{"line":274,"column":47}},"274":{"start":{"line":275,"column":0},"end":{"line":275,"column":7}},"275":{"start":{"line":276,"column":0},"end":{"line":276,"column":3}},"280":{"start":{"line":281,"column":0},"end":{"line":281,"column":14}},"281":{"start":{"line":282,"column":0},"end":{"line":282,"column":43}},"282":{"start":{"line":283,"column":0},"end":{"line":283,"column":47}},"283":{"start":{"line":284,"column":0},"end":{"line":284,"column":22}},"284":{"start":{"line":285,"column":0},"end":{"line":285,"column":52}},"285":{"start":{"line":286,"column":0},"end":{"line":286,"column":5}},"287":{"start":{"line":288,"column":0},"end":{"line":288,"column":52}},"290":{"start":{"line":291,"column":0},"end":{"line":291,"column":66}},"291":{"start":{"line":292,"column":0},"end":{"line":292,"column":26}},"292":{"start":{"line":293,"column":0},"end":{"line":293,"column":20}},"293":{"start":{"line":294,"column":0},"end":{"line":294,"column":6}},"295":{"start":{"line":296,"column":0},"end":{"line":296,"column":52}},"296":{"start":{"line":297,"column":0},"end":{"line":297,"column":12}},"297":{"start":{"line":298,"column":0},"end":{"line":298,"column":13}},"298":{"start":{"line":299,"column":0},"end":{"line":299,"column":59}},"299":{"start":{"line":300,"column":0},"end":{"line":300,"column":6}},"302":{"start":{"line":303,"column":0},"end":{"line":303,"column":47}},"305":{"start":{"line":306,"column":0},"end":{"line":306,"column":39}},"306":{"start":{"line":307,"column":0},"end":{"line":307,"column":82}},"307":{"start":{"line":308,"column":0},"end":{"line":308,"column":47}},"308":{"start":{"line":309,"column":0},"end":{"line":309,"column":7}},"310":{"start":{"line":311,"column":0},"end":{"line":311,"column":12}},"311":{"start":{"line":312,"column":0},"end":{"line":312,"column":15}},"312":{"start":{"line":313,"column":0},"end":{"line":313,"column":6}},"313":{"start":{"line":314,"column":0},"end":{"line":314,"column":3}},"318":{"start":{"line":319,"column":0},"end":{"line":319,"column":14}},"319":{"start":{"line":320,"column":0},"end":{"line":320,"column":43}},"320":{"start":{"line":321,"column":0},"end":{"line":321,"column":36}},"321":{"start":{"line":322,"column":0},"end":{"line":322,"column":22}},"322":{"start":{"line":323,"column":0},"end":{"line":323,"column":52}},"323":{"start":{"line":324,"column":0},"end":{"line":324,"column":5}},"325":{"start":{"line":326,"column":0},"end":{"line":326,"column":52}},"328":{"start":{"line":329,"column":0},"end":{"line":329,"column":66}},"329":{"start":{"line":330,"column":0},"end":{"line":330,"column":26}},"330":{"start":{"line":331,"column":0},"end":{"line":331,"column":21}},"331":{"start":{"line":332,"column":0},"end":{"line":332,"column":10}},"332":{"start":{"line":333,"column":0},"end":{"line":333,"column":6}},"334":{"start":{"line":335,"column":0},"end":{"line":335,"column":52}},"335":{"start":{"line":336,"column":0},"end":{"line":336,"column":12}},"336":{"start":{"line":337,"column":0},"end":{"line":337,"column":13}},"337":{"start":{"line":338,"column":0},"end":{"line":338,"column":59}},"338":{"start":{"line":339,"column":0},"end":{"line":339,"column":6}},"341":{"start":{"line":342,"column":0},"end":{"line":342,"column":47}},"344":{"start":{"line":345,"column":0},"end":{"line":345,"column":38}},"346":{"start":{"line":347,"column":0},"end":{"line":347,"column":12}},"347":{"start":{"line":348,"column":0},"end":{"line":348,"column":12}},"348":{"start":{"line":349,"column":0},"end":{"line":349,"column":18}},"349":{"start":{"line":350,"column":0},"end":{"line":350,"column":6}},"350":{"start":{"line":351,"column":0},"end":{"line":351,"column":3}},"355":{"start":{"line":356,"column":0},"end":{"line":356,"column":26}},"356":{"start":{"line":357,"column":0},"end":{"line":357,"column":23}},"357":{"start":{"line":358,"column":0},"end":{"line":358,"column":25}},"358":{"start":{"line":359,"column":0},"end":{"line":359,"column":18}},"359":{"start":{"line":360,"column":0},"end":{"line":360,"column":22}},"360":{"start":{"line":361,"column":0},"end":{"line":361,"column":22}},"361":{"start":{"line":362,"column":0},"end":{"line":362,"column":52}},"362":{"start":{"line":363,"column":0},"end":{"line":363,"column":5}},"366":{"start":{"line":367,"column":0},"end":{"line":367,"column":66}},"368":{"start":{"line":369,"column":0},"end":{"line":369,"column":28}},"369":{"start":{"line":370,"column":0},"end":{"line":370,"column":66}},"370":{"start":{"line":371,"column":0},"end":{"line":371,"column":5}},"372":{"start":{"line":373,"column":0},"end":{"line":373,"column":24}},"375":{"start":{"line":376,"column":0},"end":{"line":376,"column":63}},"376":{"start":{"line":377,"column":0},"end":{"line":377,"column":88}},"377":{"start":{"line":378,"column":0},"end":{"line":378,"column":5}},"380":{"start":{"line":381,"column":0},"end":{"line":381,"column":54}},"382":{"start":{"line":383,"column":0},"end":{"line":383,"column":39}},"383":{"start":{"line":384,"column":0},"end":{"line":384,"column":72}},"384":{"start":{"line":385,"column":0},"end":{"line":385,"column":5}},"386":{"start":{"line":387,"column":0},"end":{"line":387,"column":27}},"387":{"start":{"line":388,"column":0},"end":{"line":388,"column":3}},"392":{"start":{"line":393,"column":0},"end":{"line":393,"column":33}},"393":{"start":{"line":394,"column":0},"end":{"line":394,"column":18}},"394":{"start":{"line":395,"column":0},"end":{"line":395,"column":40}},"398":{"start":{"line":399,"column":0},"end":{"line":399,"column":6}},"399":{"start":{"line":400,"column":0},"end":{"line":400,"column":22}},"400":{"start":{"line":401,"column":0},"end":{"line":401,"column":52}},"401":{"start":{"line":402,"column":0},"end":{"line":402,"column":5}},"403":{"start":{"line":404,"column":0},"end":{"line":404,"column":52}},"406":{"start":{"line":407,"column":0},"end":{"line":407,"column":17}},"408":{"start":{"line":409,"column":0},"end":{"line":409,"column":28}},"411":{"start":{"line":412,"column":0},"end":{"line":412,"column":29}},"414":{"start":{"line":415,"column":0},"end":{"line":415,"column":21}},"415":{"start":{"line":416,"column":0},"end":{"line":416,"column":58}},"416":{"start":{"line":417,"column":0},"end":{"line":417,"column":63}},"417":{"start":{"line":418,"column":0},"end":{"line":418,"column":5}},"420":{"start":{"line":421,"column":0},"end":{"line":421,"column":40}},"421":{"start":{"line":422,"column":0},"end":{"line":422,"column":23}},"423":{"start":{"line":424,"column":0},"end":{"line":424,"column":52}},"424":{"start":{"line":425,"column":0},"end":{"line":425,"column":12}},"425":{"start":{"line":426,"column":0},"end":{"line":426,"column":13}},"426":{"start":{"line":427,"column":0},"end":{"line":427,"column":75}},"427":{"start":{"line":428,"column":0},"end":{"line":428,"column":6}},"430":{"start":{"line":431,"column":0},"end":{"line":431,"column":47}},"433":{"start":{"line":434,"column":0},"end":{"line":434,"column":39}},"434":{"start":{"line":435,"column":0},"end":{"line":435,"column":82}},"435":{"start":{"line":436,"column":0},"end":{"line":436,"column":47}},"436":{"start":{"line":437,"column":0},"end":{"line":437,"column":7}},"439":{"start":{"line":440,"column":0},"end":{"line":440,"column":71}},"440":{"start":{"line":441,"column":0},"end":{"line":441,"column":9}},"441":{"start":{"line":442,"column":0},"end":{"line":442,"column":59}},"442":{"start":{"line":443,"column":0},"end":{"line":443,"column":25}},"443":{"start":{"line":444,"column":0},"end":{"line":444,"column":9}},"444":{"start":{"line":445,"column":0},"end":{"line":445,"column":50}},"446":{"start":{"line":447,"column":0},"end":{"line":447,"column":12}},"447":{"start":{"line":448,"column":0},"end":{"line":448,"column":16}},"448":{"start":{"line":449,"column":0},"end":{"line":449,"column":31}},"449":{"start":{"line":450,"column":0},"end":{"line":450,"column":6}},"450":{"start":{"line":451,"column":0},"end":{"line":451,"column":3}},"455":{"start":{"line":456,"column":0},"end":{"line":456,"column":99}},"456":{"start":{"line":457,"column":0},"end":{"line":457,"column":50}},"457":{"start":{"line":458,"column":0},"end":{"line":458,"column":3}},"462":{"start":{"line":463,"column":0},"end":{"line":463,"column":63}},"463":{"start":{"line":464,"column":0},"end":{"line":464,"column":22}},"464":{"start":{"line":465,"column":0},"end":{"line":465,"column":52}},"465":{"start":{"line":466,"column":0},"end":{"line":466,"column":5}},"467":{"start":{"line":468,"column":0},"end":{"line":468,"column":52}},"470":{"start":{"line":471,"column":0},"end":{"line":471,"column":55}},"473":{"start":{"line":474,"column":0},"end":{"line":474,"column":46}},"474":{"start":{"line":475,"column":0},"end":{"line":475,"column":14}},"476":{"start":{"line":477,"column":0},"end":{"line":477,"column":30}},"481":{"start":{"line":482,"column":0},"end":{"line":482,"column":27}},"482":{"start":{"line":483,"column":0},"end":{"line":483,"column":66}},"483":{"start":{"line":484,"column":0},"end":{"line":484,"column":6}},"486":{"start":{"line":487,"column":0},"end":{"line":487,"column":41}},"488":{"start":{"line":489,"column":0},"end":{"line":489,"column":28}},"490":{"start":{"line":491,"column":0},"end":{"line":491,"column":18}},"491":{"start":{"line":492,"column":0},"end":{"line":492,"column":5}},"494":{"start":{"line":495,"column":0},"end":{"line":495,"column":40}},"495":{"start":{"line":496,"column":0},"end":{"line":496,"column":54}},"497":{"start":{"line":498,"column":0},"end":{"line":498,"column":48}},"498":{"start":{"line":499,"column":0},"end":{"line":499,"column":14}},"499":{"start":{"line":500,"column":0},"end":{"line":500,"column":37}},"500":{"start":{"line":501,"column":0},"end":{"line":501,"column":37}},"502":{"start":{"line":503,"column":0},"end":{"line":503,"column":18}},"503":{"start":{"line":504,"column":0},"end":{"line":504,"column":51}},"504":{"start":{"line":505,"column":0},"end":{"line":505,"column":6}},"506":{"start":{"line":507,"column":0},"end":{"line":507,"column":41}},"509":{"start":{"line":510,"column":0},"end":{"line":510,"column":29}},"510":{"start":{"line":511,"column":0},"end":{"line":511,"column":3}},"515":{"start":{"line":516,"column":0},"end":{"line":516,"column":32}},"516":{"start":{"line":517,"column":0},"end":{"line":517,"column":22}},"517":{"start":{"line":518,"column":0},"end":{"line":518,"column":13}},"518":{"start":{"line":519,"column":0},"end":{"line":519,"column":5}},"520":{"start":{"line":521,"column":0},"end":{"line":521,"column":23}},"521":{"start":{"line":522,"column":0},"end":{"line":522,"column":39}},"522":{"start":{"line":523,"column":0},"end":{"line":523,"column":3}},"527":{"start":{"line":528,"column":0},"end":{"line":528,"column":33}},"528":{"start":{"line":529,"column":0},"end":{"line":529,"column":22}},"529":{"start":{"line":530,"column":0},"end":{"line":530,"column":52}},"530":{"start":{"line":531,"column":0},"end":{"line":531,"column":5}},"532":{"start":{"line":533,"column":0},"end":{"line":533,"column":52}},"535":{"start":{"line":536,"column":0},"end":{"line":536,"column":46}},"536":{"start":{"line":537,"column":0},"end":{"line":537,"column":54}},"537":{"start":{"line":538,"column":0},"end":{"line":538,"column":17}},"538":{"start":{"line":539,"column":0},"end":{"line":539,"column":72}},"539":{"start":{"line":540,"column":0},"end":{"line":540,"column":6}},"541":{"start":{"line":542,"column":0},"end":{"line":542,"column":39}},"544":{"start":{"line":545,"column":0},"end":{"line":545,"column":23}},"545":{"start":{"line":546,"column":0},"end":{"line":546,"column":3}},"546":{"start":{"line":547,"column":0},"end":{"line":547,"column":1}}},"s":{"26":0,"28":0,"33":0,"38":0,"39":0,"40":0,"41":0,"42":0,"43":0,"45":0,"46":0,"47":0,"49":0,"50":0,"51":0,"52":0,"53":0,"54":0,"55":0,"56":0,"57":0,"58":0,"59":0,"64":0,"65":0,"68":0,"69":0,"70":0,"78":0,"79":0,"80":0,"81":0,"82":0,"83":0,"85":0,"88":0,"89":0,"90":0,"91":0,"92":0,"93":0,"94":0,"96":0,"97":0,"98":0,"99":0,"104":0,"105":0,"106":0,"107":0,"108":0,"109":0,"110":0,"111":0,"112":0,"113":0,"118":0,"119":0,"120":0,"121":0,"122":0,"123":0,"124":0,"126":0,"127":0,"128":0,"129":0,"130":0,"133":0,"134":0,"135":0,"136":0,"139":0,"140":0,"142":0,"144":0,"145":0,"146":0,"147":0,"148":0,"149":0,"152":0,"154":0,"156":0,"157":0,"158":0,"162":0,"163":0,"164":0,"165":0,"166":0,"167":0,"168":0,"169":0,"170":0,"172":0,"173":0,"175":0,"176":0,"177":0,"180":0,"181":0,"182":0,"183":0,"184":0,"185":0,"186":0,"187":0,"188":0,"190":0,"191":0,"194":0,"195":0,"197":0,"198":0,"199":0,"200":0,"201":0,"202":0,"205":0,"206":0,"207":0,"208":0,"209":0,"210":0,"211":0,"212":0,"214":0,"215":0,"216":0,"217":0,"218":0,"219":0,"220":0,"221":0,"223":0,"224":0,"226":0,"227":0,"232":0,"233":0,"234":0,"235":0,"236":0,"237":0,"238":0,"240":0,"241":0,"242":0,"244":0,"247":0,"250":0,"252":0,"253":0,"257":0,"258":0,"259":0,"261":0,"262":0,"263":0,"264":0,"265":0,"268":0,"271":0,"272":0,"273":0,"274":0,"275":0,"280":0,"281":0,"282":0,"283":0,"284":0,"285":0,"287":0,"290":0,"291":0,"292":0,"293":0,"295":0,"296":0,"297":0,"298":0,"299":0,"302":0,"305":0,"306":0,"307":0,"308":0,"310":0,"311":0,"312":0,"313":0,"318":0,"319":0,"320":0,"321":0,"322":0,"323":0,"325":0,"328":0,"329":0,"330":0,"331":0,"332":0,"334":0,"335":0,"336":0,"337":0,"338":0,"341":0,"344":0,"346":0,"347":0,"348":0,"349":0,"350":0,"355":0,"356":0,"357":0,"358":0,"359":0,"360":0,"361":0,"362":0,"366":0,"368":0,"369":0,"370":0,"372":0,"375":0,"376":0,"377":0,"380":0,"382":0,"383":0,"384":0,"386":0,"387":0,"392":0,"393":0,"394":0,"398":0,"399":0,"400":0,"401":0,"403":0,"406":0,"408":0,"411":0,"414":0,"415":0,"416":0,"417":0,"420":0,"421":0,"423":0,"424":0,"425":0,"426":0,"427":0,"430":0,"433":0,"434":0,"435":0,"436":0,"439":0,"440":0,"441":0,"442":0,"443":0,"444":0,"446":0,"447":0,"448":0,"449":0,"450":0,"455":0,"456":0,"457":0,"462":0,"463":0,"464":0,"465":0,"467":0,"470":0,"473":0,"474":0,"476":0,"481":0,"482":0,"483":0,"486":0,"488":0,"490":0,"491":0,"494":0,"495":0,"497":0,"498":0,"499":0,"500":0,"502":0,"503":0,"504":0,"506":0,"509":0,"510":0,"515":0,"516":0,"517":0,"518":0,"520":0,"521":0,"522":0,"527":0,"528":0,"529":0,"530":0,"532":0,"535":0,"536":0,"537":0,"538":0,"539":0,"541":0,"544":0,"545":0,"546":0},"branchMap":{"0":{"type":"branch","line":1,"loc":{"start":{"line":1,"column":14569},"end":{"line":547,"column":1}},"locations":[{"start":{"line":1,"column":14569},"end":{"line":547,"column":1}}]}},"b":{"0":[1]},"fnMap":{"0":{"name":"(empty-report)","decl":{"start":{"line":1,"column":14569},"end":{"line":547,"column":1}},"loc":{"start":{"line":1,"column":14569},"end":{"line":547,"column":1}},"line":1}},"f":{"0":1}}
,"/Users/davidedelhart/Documents/augment-projects/rxjs-sqlite/src/lib/utils/sqlite-utils.ts": {"path":"/Users/davidedelhart/Documents/augment-projects/rxjs-sqlite/src/lib/utils/sqlite-utils.ts","all":false,"statementMap":{"8":{"start":{"line":9,"column":0},"end":{"line":9,"column":57}},"9":{"start":{"line":10,"column":0},"end":{"line":10,"column":49}},"11":{"start":{"line":12,"column":0},"end":{"line":12,"column":26}},"12":{"start":{"line":13,"column":0},"end":{"line":13,"column":57}},"13":{"start":{"line":14,"column":0},"end":{"line":14,"column":29}},"14":{"start":{"line":15,"column":0},"end":{"line":15,"column":5}},"15":{"start":{"line":16,"column":0},"end":{"line":16,"column":3}},"17":{"start":{"line":18,"column":0},"end":{"line":18,"column":32}},"18":{"start":{"line":19,"column":0},"end":{"line":19,"column":1}},"23":{"start":{"line":24,"column":0},"end":{"line":24,"column":64}},"24":{"start":{"line":25,"column":0},"end":{"line":25,"column":46}},"25":{"start":{"line":26,"column":0},"end":{"line":26,"column":1}},"31":{"start":{"line":32,"column":0},"end":{"line":32,"column":115}},"32":{"start":{"line":33,"column":0},"end":{"line":33,"column":40}},"33":{"start":{"line":34,"column":0},"end":{"line":34,"column":30}},"34":{"start":{"line":35,"column":0},"end":{"line":35,"column":34}},"35":{"start":{"line":36,"column":0},"end":{"line":36,"column":47}},"36":{"start":{"line":37,"column":0},"end":{"line":37,"column":7}},"37":{"start":{"line":38,"column":0},"end":{"line":38,"column":33}},"38":{"start":{"line":39,"column":0},"end":{"line":39,"column":6}},"39":{"start":{"line":40,"column":0},"end":{"line":40,"column":16}},"41":{"start":{"line":42,"column":0},"end":{"line":42,"column":64}},"42":{"start":{"line":43,"column":0},"end":{"line":43,"column":1}},"47":{"start":{"line":48,"column":0},"end":{"line":48,"column":85}},"48":{"start":{"line":49,"column":0},"end":{"line":49,"column":57}},"49":{"start":{"line":50,"column":0},"end":{"line":50,"column":85}},"50":{"start":{"line":51,"column":0},"end":{"line":51,"column":1}},"55":{"start":{"line":56,"column":0},"end":{"line":56,"column":109}},"56":{"start":{"line":57,"column":0},"end":{"line":57,"column":64}},"57":{"start":{"line":58,"column":0},"end":{"line":58,"column":74}},"59":{"start":{"line":60,"column":0},"end":{"line":60,"column":69}},"60":{"start":{"line":61,"column":0},"end":{"line":61,"column":1}}},"s":{"8":1,"9":11,"11":11,"12":30,"13":30,"14":30,"15":30,"17":11,"18":11,"23":1,"24":8,"25":8,"31":1,"32":10,"33":10,"34":30,"35":9,"36":9,"37":21,"38":10,"39":10,"41":10,"42":10,"47":1,"48":2,"49":2,"50":2,"55":1,"56":2,"57":2,"59":2,"60":2},"branchMap":{"0":{"type":"branch","line":9,"loc":{"start":{"line":9,"column":7},"end":{"line":19,"column":1}},"locations":[{"start":{"line":9,"column":7},"end":{"line":19,"column":1}}]},"1":{"type":"branch","line":12,"loc":{"start":{"line":12,"column":25},"end":{"line":16,"column":3}},"locations":[{"start":{"line":12,"column":25},"end":{"line":16,"column":3}}]},"2":{"type":"branch","line":24,"loc":{"start":{"line":24,"column":7},"end":{"line":26,"column":1}},"locations":[{"start":{"line":24,"column":7},"end":{"line":26,"column":1}}]},"3":{"type":"branch","line":25,"loc":{"start":{"line":25,"column":18},"end":{"line":25,"column":44}},"locations":[{"start":{"line":25,"column":18},"end":{"line":25,"column":44}}]},"4":{"type":"branch","line":32,"loc":{"start":{"line":32,"column":7},"end":{"line":43,"column":1}},"locations":[{"start":{"line":32,"column":7},"end":{"line":43,"column":1}}]},"5":{"type":"branch","line":34,"loc":{"start":{"line":34,"column":9},"end":{"line":39,"column":5}},"locations":[{"start":{"line":34,"column":9},"end":{"line":39,"column":5}}]},"6":{"type":"branch","line":35,"loc":{"start":{"line":35,"column":33},"end":{"line":37,"column":7}},"locations":[{"start":{"line":35,"column":33},"end":{"line":37,"column":7}}]},"7":{"type":"branch","line":37,"loc":{"start":{"line":37,"column":6},"end":{"line":38,"column":33}},"locations":[{"start":{"line":37,"column":6},"end":{"line":38,"column":33}}]},"8":{"type":"branch","line":48,"loc":{"start":{"line":48,"column":7},"end":{"line":51,"column":1}},"locations":[{"start":{"line":48,"column":7},"end":{"line":51,"column":1}}]},"9":{"type":"branch","line":49,"loc":{"start":{"line":49,"column":35},"end":{"line":49,"column":44}},"locations":[{"start":{"line":49,"column":35},"end":{"line":49,"column":44}}]},"10":{"type":"branch","line":56,"loc":{"start":{"line":56,"column":7},"end":{"line":61,"column":1}},"locations":[{"start":{"line":56,"column":7},"end":{"line":61,"column":1}}]},"11":{"type":"branch","line":57,"loc":{"start":{"line":57,"column":32},"end":{"line":57,"column":51}},"locations":[{"start":{"line":57,"column":32},"end":{"line":57,"column":51}}]},"12":{"type":"branch","line":58,"loc":{"start":{"line":58,"column":39},"end":{"line":58,"column":58}},"locations":[{"start":{"line":58,"column":39},"end":{"line":58,"column":58}}]}},"b":{"0":[11],"1":[30],"2":[8],"3":[8],"4":[10],"5":[30],"6":[9],"7":[21],"8":[2],"9":[4],"10":[2],"11":[3],"12":[3]},"fnMap":{"0":{"name":"rowToObject","decl":{"start":{"line":9,"column":7},"end":{"line":19,"column":1}},"loc":{"start":{"line":9,"column":7},"end":{"line":19,"column":1}},"line":9},"1":{"name":"rowsToObjects","decl":{"start":{"line":24,"column":7},"end":{"line":26,"column":1}},"loc":{"start":{"line":24,"column":7},"end":{"line":26,"column":1}},"line":24},"2":{"name":"createTableSchema","decl":{"start":{"line":32,"column":7},"end":{"line":43,"column":1}},"loc":{"start":{"line":32,"column":7},"end":{"line":43,"column":1}},"line":32},"3":{"name":"createInsertStatement","decl":{"start":{"line":48,"column":7},"end":{"line":51,"column":1}},"loc":{"start":{"line":48,"column":7},"end":{"line":51,"column":1}},"line":48},"4":{"name":"createUpdateStatement","decl":{"start":{"line":56,"column":7},"end":{"line":61,"column":1}},"loc":{"start":{"line":56,"column":7},"end":{"line":61,"column":1}},"line":56}},"f":{"0":11,"1":8,"2":10,"3":2,"4":2}}
}
